TN:
SF:src/SectorRegistry.sol
FN:13,SectorRegistry.addVault
FNDA:0,SectorRegistry.addVault
DA:14,0
FNF:1
FNH:0
LF:1
LH:0
BRF:0
BRH:0
end_of_record
TN:
SF:src/SectorTimelock.sol
FN:119,SectorTimelock.isOperation
FNDA:0,SectorTimelock.isOperation
DA:120,0
FN:126,SectorTimelock.isOperationPending
FNDA:0,SectorTimelock.isOperationPending
DA:127,0
FN:133,SectorTimelock.isOperationReady
FNDA:0,SectorTimelock.isOperationReady
DA:134,0
DA:135,0
FN:141,SectorTimelock.isOperationDone
FNDA:0,SectorTimelock.isOperationDone
DA:142,0
FN:149,SectorTimelock.getTimestamp
FNDA:0,SectorTimelock.getTimestamp
DA:150,0
FN:158,SectorTimelock.getMinDelay
FNDA:0,SectorTimelock.getMinDelay
DA:159,0
FN:166,SectorTimelock.hashOperation
FNDA:0,SectorTimelock.hashOperation
DA:173,0
FN:180,SectorTimelock.hashOperationBatch
FNDA:0,SectorTimelock.hashOperationBatch
DA:187,0
FN:199,SectorTimelock.schedule
FNDA:0,SectorTimelock.schedule
DA:207,0
DA:208,0
DA:209,0
FN:221,SectorTimelock.scheduleBatch
FNDA:0,SectorTimelock.scheduleBatch
DA:229,0
BRDA:229,0,0,-
BRDA:229,0,1,-
DA:230,0
BRDA:230,1,0,-
BRDA:230,1,1,-
DA:232,0
DA:233,0
DA:234,0
DA:235,0
FN:242,SectorTimelock._schedule
FNDA:0,SectorTimelock._schedule
DA:243,0
BRDA:243,2,0,-
BRDA:243,2,1,-
DA:244,0
BRDA:244,3,0,-
BRDA:244,3,1,-
DA:245,0
FN:255,SectorTimelock.cancel
FNDA:0,SectorTimelock.cancel
DA:256,0
BRDA:256,4,0,-
BRDA:256,4,1,-
DA:257,0
DA:259,0
FN:274,SectorTimelock.execute
FNDA:0,SectorTimelock.execute
DA:281,0
DA:282,0
DA:283,0
DA:284,0
FN:296,SectorTimelock.executeBatch
FNDA:0,SectorTimelock.executeBatch
DA:303,0
BRDA:303,5,0,-
BRDA:303,5,1,-
DA:304,0
BRDA:304,6,0,-
BRDA:304,6,1,-
DA:306,0
DA:307,0
DA:308,0
DA:309,0
DA:311,0
FN:317,SectorTimelock._beforeCall
FNDA:0,SectorTimelock._beforeCall
DA:318,0
BRDA:318,7,0,-
BRDA:318,7,1,-
DA:319,0
BRDA:319,8,0,-
BRDA:319,8,1,-
FN:328,SectorTimelock._afterCall
FNDA:0,SectorTimelock._afterCall
DA:329,0
BRDA:329,9,0,-
BRDA:329,9,1,-
DA:330,0
FN:338,SectorTimelock._call
FNDA:0,SectorTimelock._call
DA:345,0
DA:346,0
BRDA:346,10,0,-
BRDA:346,10,1,-
DA:348,0
FN:361,SectorTimelock.updateDelay
FNDA:0,SectorTimelock.updateDelay
DA:362,0
BRDA:362,11,0,-
BRDA:362,11,1,-
DA:363,0
BRDA:363,12,0,-
BRDA:363,12,1,-
DA:364,0
DA:365,0
FNF:18
FNH:0
LF:46
LH:0
BRF:26
BRH:0
end_of_record
TN:
SF:src/bank/Bank.sol
FN:45,Bank.deposit
FNDA:0,Bank.deposit
DA:51,0
DA:52,0
BRDA:52,0,0,-
BRDA:52,0,1,-
DA:53,0
DA:55,0
DA:56,0
FN:64,Bank.mint
FNDA:0,Bank.mint
DA:69,0
DA:70,0
BRDA:70,1,0,-
BRDA:70,1,1,-
DA:71,0
DA:72,0
FN:82,Bank.assetToShares
FNDA:0,Bank.assetToShares
DA:87,0
DA:88,0
FN:97,Bank._assetToShares
FNDA:0,Bank._assetToShares
DA:103,0
DA:105,0
BRDA:105,2,0,-
BRDA:105,2,1,-
DA:107,0
DA:118,0
FN:129,Bank.withdraw
FNDA:0,Bank.withdraw
DA:135,0
DA:136,0
BRDA:136,3,0,-
BRDA:136,3,1,-
DA:138,0
DA:141,0
DA:153,0
DA:154,0
DA:156,0
FN:164,Bank.burn
FNDA:0,Bank.burn
DA:169,0
DA:170,0
BRDA:170,4,0,-
BRDA:170,4,1,-
DA:171,0
DA:172,0
FN:182,Bank.takeFees
FNDA:0,Bank.takeFees
DA:188,0
DA:190,0
DA:191,0
BRDA:191,5,0,-
BRDA:191,5,1,-
DA:194,0
BRDA:194,6,0,-
BRDA:194,6,1,-
DA:197,0
DA:209,0
DA:213,0
DA:215,0
DA:217,0
FN:225,Bank.addPool
FNDA:0,Bank.addPool
DA:226,0
DA:227,0
BRDA:227,7,0,-
BRDA:227,7,1,-
DA:230,0
DA:239,0
FN:242,Bank.setTreasury
FNDA:0,Bank.setTreasury
DA:243,0
DA:244,0
FN:247,Bank.totalShares
FNDA:0,Bank.totalShares
DA:253,0
DA:254,0
FN:259,Bank.getTokenId
FNDA:0,Bank.getTokenId
DA:260,0
FN:263,Bank.getTokenInfo
FNDA:0,Bank.getTokenInfo
DA:264,0
DA:265,0
FN:269,Bank.getPool
FNDA:0,Bank.getPool
DA:270,0
FN:274,Bank.decimals
FNDA:0,Bank.decimals
DA:275,0
FN:279,Bank.supportsInterface
FNDA:0,Bank.supportsInterface
DA:285,0
FN:288,Bank._beforeTokenTransfer
FNDA:0,Bank._beforeTokenTransfer
DA:296,0
DA:301,0
DA:302,0
DA:303,0
BRDA:303,8,0,-
BRDA:303,8,1,-
DA:304,0
FNF:16
FNH:0
LF:54
LH:0
BRF:18
BRH:0
end_of_record
TN:
SF:src/common/Accounting.sol
FN:17,Accounting.toSharesAfterDeposit
FNDA:0,Accounting.toSharesAfterDeposit
DA:18,16
DA:19,16
FN:22,Accounting.convertToShares
FNDA:0,Accounting.convertToShares
DA:23,0
DA:25,0
FN:28,Accounting.convertToAssets
FNDA:0,Accounting.convertToAssets
DA:29,6
DA:31,6
FN:34,Accounting.previewDeposit
FNDA:0,Accounting.previewDeposit
DA:35,0
FN:38,Accounting.previewMint
FNDA:0,Accounting.previewMint
DA:39,0
DA:41,0
FN:44,Accounting.previewWithdraw
FNDA:0,Accounting.previewWithdraw
DA:45,0
DA:47,0
FN:50,Accounting.previewRedeem
FNDA:0,Accounting.previewRedeem
DA:51,0
FNF:7
FNH:0
LF:12
LH:4
BRF:0
BRH:0
end_of_record
TN:
SF:src/common/Auth.sol
FN:57,Auth.transferOwnership
FNDA:0,Auth.transferOwnership
DA:58,0
DA:59,0
FN:64,Auth.acceptOwnership
FNDA:0,Auth.acceptOwnership
DA:65,0
BRDA:65,0,0,-
BRDA:65,0,1,-
DA:66,0
DA:67,0
DA:70,0
DA:71,0
DA:72,0
DA:74,0
DA:75,0
DA:76,0
DA:78,0
FNF:2
FNH:0
LF:12
LH:0
BRF:2
BRH:0
end_of_record
TN:
SF:src/common/AuthU.sol
FN:33,AuthU.__Auth_init_
FNDA:0,AuthU.__Auth_init_
DA:40,0
DA:41,0
DA:43,0
DA:44,0
DA:45,0
DA:46,0
DA:47,0
DA:48,0
DA:51,0
FN:59,AuthU.transferOwnership
FNDA:0,AuthU.transferOwnership
DA:60,0
DA:61,0
FN:66,AuthU.acceptOwnership
FNDA:0,AuthU.acceptOwnership
DA:67,0
BRDA:67,0,0,-
BRDA:67,0,1,-
DA:68,0
DA:69,0
DA:72,0
DA:73,0
DA:75,0
FNF:3
FNH:0
LF:17
LH:0
BRF:2
BRH:0
end_of_record
TN:
SF:src/common/Fees.sol
FN:33,Fees.setPerformanceFee
FNDA:0,Fees.setPerformanceFee
DA:35,0
BRDA:35,0,0,-
BRDA:35,0,1,-
DA:38,0
DA:39,0
FN:44,Fees.setTreasury
FNDA:0,Fees.setTreasury
DA:45,0
DA:46,0
FNF:2
FNH:0
LF:5
LH:0
BRF:2
BRH:0
end_of_record
TN:
SF:src/common/FeesU.sol
FN:24,FeesU.setFeePercent
FNDA:0,FeesU.setFeePercent
DA:26,0
BRDA:26,0,0,-
BRDA:26,0,1,-
DA:29,0
DA:31,0
FN:42,FeesU.claimFees
FNDA:0,FeesU.claimFees
DA:43,0
DA:46,0
FNF:2
FNH:0
LF:5
LH:0
BRF:2
BRH:0
end_of_record
TN:
SF:src/libraries/FixedPointMathLib.sol
FN:14,FixedPointMathLib.mulWadDown
FNDA:0,FixedPointMathLib.mulWadDown
DA:15,0
FN:18,FixedPointMathLib.mulWadUp
FNDA:0,FixedPointMathLib.mulWadUp
DA:19,0
FN:22,FixedPointMathLib.divWadDown
FNDA:0,FixedPointMathLib.divWadDown
DA:23,0
FN:26,FixedPointMathLib.divWadUp
FNDA:0,FixedPointMathLib.divWadUp
DA:27,0
FN:34,FixedPointMathLib.mulDivDown
FNDA:0,FixedPointMathLib.mulDivDown
DA:41,0
DA:44,0
BRDA:44,0,0,-
DA:49,0
FN:53,FixedPointMathLib.mulDivUp
FNDA:0,FixedPointMathLib.mulDivUp
DA:60,0
DA:63,0
BRDA:63,1,0,-
DA:70,0
FN:74,FixedPointMathLib.rpow
FNDA:0,FixedPointMathLib.rpow
FN:166,FixedPointMathLib.sqrt
FNDA:0,FixedPointMathLib.sqrt
DA:169,0
DA:175,0
BRDA:175,2,0,-
DA:176,0
DA:177,0
DA:179,0
BRDA:179,3,0,-
DA:180,0
DA:181,0
DA:183,0
BRDA:183,4,0,-
DA:184,0
DA:185,0
DA:187,0
BRDA:187,5,0,-
DA:188,0
DA:189,0
DA:191,0
BRDA:191,6,0,-
DA:192,0
DA:193,0
DA:195,0
BRDA:195,7,0,-
DA:196,0
DA:197,0
DA:199,0
BRDA:199,8,0,-
DA:201,0
DA:205,0
DA:206,0
DA:207,0
DA:208,0
DA:209,0
DA:210,0
DA:211,0
DA:217,0
BRDA:217,9,0,-
DA:218,0
FNF:8
FNH:0
LF:40
LH:0
BRF:10
BRH:0
end_of_record
TN:
SF:src/libraries/SafeETH.sol
FN:5,SafeETH.safeTransferETH
FNDA:0,SafeETH.safeTransferETH
DA:6,0
DA:10,0
DA:13,0
BRDA:13,0,0,-
BRDA:13,0,1,-
FNF:1
FNH:0
LF:3
LH:0
BRF:2
BRH:0
end_of_record
TN:
SF:src/libraries/UniUtils.sol
FN:11,UniUtils._getPairTokens
FNDA:0,UniUtils._getPairTokens
DA:12,0
FN:15,UniUtils._getPairReserves
FNDA:0,UniUtils._getPairReserves
DA:20,0
DA:21,0
DA:22,0
FN:26,UniUtils._quote
FNDA:0,UniUtils._quote
DA:31,0
BRDA:31,0,0,-
BRDA:31,0,1,-
DA:32,0
BRDA:32,1,0,-
BRDA:32,1,1,-
DA:33,0
FN:36,UniUtils._sortTokens
FNDA:0,UniUtils._sortTokens
DA:41,0
BRDA:41,2,0,-
BRDA:41,2,1,-
DA:42,0
DA:43,0
BRDA:43,3,0,-
BRDA:43,3,1,-
FN:46,UniUtils._getAmountOut
FNDA:0,UniUtils._getAmountOut
DA:52,0
BRDA:52,4,0,-
BRDA:52,4,1,-
DA:53,0
DA:54,0
DA:55,0
DA:56,0
DA:57,0
FN:60,UniUtils._getAmountIn
FNDA:0,UniUtils._getAmountIn
DA:66,0
BRDA:66,5,0,-
BRDA:66,5,1,-
DA:67,0
DA:68,0
DA:69,0
DA:70,0
FN:73,UniUtils._swapExactTokensForTokens
FNDA:0,UniUtils._swapExactTokensForTokens
DA:79,0
DA:80,0
BRDA:80,6,0,-
BRDA:80,6,1,-
DA:81,0
DA:82,0
DA:86,0
DA:87,0
DA:88,0
FN:91,UniUtils._swapTokensForExactTokens
FNDA:0,UniUtils._swapTokensForExactTokens
DA:97,0
DA:98,0
DA:99,0
DA:103,0
DA:104,0
DA:105,0
FNF:8
FNH:0
LF:34
LH:0
BRF:14
BRH:0
end_of_record
TN:
SF:src/strategies/imx/IMX.sol
FN:11,IMX.initialize
FNDA:0,IMX.initialize
DA:12,0
DA:14,0
DA:23,0
FNF:1
FNH:0
LF:3
LH:0
BRF:0
BRH:0
end_of_record
TN:
SF:src/strategies/imx/IMXAuthU.sol
FN:26,IMXAuthU.emergencyWithdraw
FNDA:0,IMXAuthU.emergencyWithdraw
DA:30,0
DA:31,0
DA:32,0
DA:33,0
BRDA:33,0,0,-
BRDA:33,0,1,-
DA:35,0
BRDA:35,1,0,-
BRDA:35,1,1,-
DA:36,0
FNF:1
FNH:0
LF:6
LH:0
BRF:4
BRH:0
end_of_record
TN:
SF:src/strategies/imx/IMXCore.sol
FN:74,IMXCore.__IMX_init_
FNDA:0,IMXCore.__IMX_init_
DA:80,0
DA:81,0
DA:82,0
DA:88,0
DA:89,0
DA:92,0
DA:93,0
DA:95,0
DA:96,0
DA:98,0
DA:99,0
FN:103,IMXCore.setMaxPriceOffset
FNDA:0,IMXCore.setMaxPriceOffset
DA:104,0
DA:105,0
FN:108,IMXCore.safetyMarginSqrt
FNDA:3,IMXCore.safetyMarginSqrt
DA:109,31
FN:112,IMXCore.decimals
FNDA:0,IMXCore.decimals
DA:113,0
FN:118,IMXCore.setRebalanceThreshold
FNDA:0,IMXCore.setRebalanceThreshold
DA:119,0
DA:120,0
FN:123,IMXCore.setSafetyMarginSqrt
FNDA:0,IMXCore.setSafetyMarginSqrt
DA:124,0
DA:125,0
FN:128,IMXCore.setMaxTvl
FNDA:0,IMXCore.setMaxTvl
DA:129,0
DA:130,0
FN:135,IMXCore.short
FNDA:0,IMXCore.short
DA:136,286
FN:139,IMXCore.underlying
FNDA:0,IMXCore.underlying
DA:140,297
FN:144,IMXCore.deposit
FNDA:10,IMXCore.deposit
DA:145,10
BRDA:145,0,0,-
BRDA:145,0,1,10
DA:146,10
DA:147,10
BRDA:147,1,0,-
BRDA:147,1,1,10
DA:148,10
DA:149,10
DA:150,10
DA:151,10
FN:155,IMXCore.redeem
FNDA:3,IMXCore.redeem
DA:161,3
DA:167,2
DA:169,2
DA:170,2
FN:176,IMXCore._decreasePosition
FNDA:3,IMXCore._decreasePosition
DA:178,3
BRDA:178,2,0,1
BRDA:178,2,1,2
DA:180,2
DA:182,2
DA:183,2
DA:187,2
DA:188,2
DA:189,2
DA:191,2
FN:196,IMXCore._increasePosition
FNDA:11,IMXCore._increasePosition
DA:197,11
BRDA:197,3,0,11
BRDA:197,3,1,11
DA:198,11
DA:199,11
DA:201,11
DA:203,11
DA:204,11
DA:205,11
DA:206,11
DA:208,11
BRDA:208,4,0,7
BRDA:208,4,1,4
DA:209,7
DA:210,7
DA:211,7
DA:212,7
DA:216,4
DA:217,4
DA:218,4
DA:219,4
DA:222,11
FN:226,IMXCore.harvest
FNDA:1,IMXCore.harvest
DA:232,1
DA:233,1
DA:236,1
DA:237,1
FN:260,IMXCore.rebalance
FNDA:5,IMXCore.rebalance
DA:267,5
DA:268,5
DA:271,5
BRDA:271,5,0,1
BRDA:271,5,1,4
DA:273,4
BRDA:273,6,0,-
BRDA:273,6,1,4
DA:274,4
DA:275,4
DA:277,4
DA:278,4
DA:279,4
DA:284,4
BRDA:284,7,0,2
BRDA:284,7,1,2
DA:287,2
DA:288,2
DA:291,2
DA:292,2
DA:293,2
DA:294,2
BRDA:294,8,0,2
BRDA:294,8,1,2
DA:295,2
DA:296,2
DA:299,2
DA:306,4
FN:310,IMXCore.closePosition
FNDA:0,IMXCore.closePosition
DA:311,0
DA:312,0
DA:313,0
DA:315,0
DA:316,0
FN:321,IMXCore.getMaxTvl
FNDA:0,IMXCore.getMaxTvl
DA:322,10
DA:323,10
DA:324,10
FN:335,IMXCore.getAndUpdateTVL
FNDA:12,IMXCore.getAndUpdateTVL
DA:336,38
DA:337,38
DA:338,38
DA:339,38
DA:342,38
DA:343,38
DA:344,38
FN:347,IMXCore.getTotalTVL
FNDA:35,IMXCore.getTotalTVL
DA:348,35
FN:366,IMXCore.getTVL
FNDA:0,IMXCore.getTVL
DA:378,36
DA:379,36
DA:380,36
DA:382,36
DA:383,36
DA:385,36
DA:386,36
DA:387,36
DA:389,36
FN:392,IMXCore.getPositionOffset
FNDA:6,IMXCore.getPositionOffset
DA:393,11
DA:394,11
DA:395,11
DA:396,11
BRDA:396,9,0,-
BRDA:396,9,1,11
DA:398,11
BRDA:398,10,0,-
BRDA:398,10,1,11
DA:401,11
FN:407,IMXCore.getExpectedPrice
FNDA:5,IMXCore.getExpectedPrice
DA:408,5
FN:411,IMXCore.getLiquidity
FNDA:0,IMXCore.getLiquidity
DA:412,0
FN:416,IMXCore.collateralToUnderlying
FNDA:7,IMXCore.collateralToUnderlying
DA:417,7
DA:418,7
DA:419,7
DA:421,7
FN:427,IMXCore.min
FNDA:10,IMXCore.min
DA:428,10
FNF:25
FNH:13
LF:122
LH:96
BRF:22
BRH:17
end_of_record
TN:
SF:src/strategies/imx/IMXFarm.sol
FN:30,IMXFarm.__IMXFarm_init_
FNDA:0,IMXFarm.__IMXFarm_init_
DA:37,0
DA:38,0
DA:39,0
DA:40,0
DA:42,0
BRDA:42,0,0,-
BRDA:42,0,1,-
DA:43,0
DA:44,0
DA:46,0
DA:47,0
DA:48,0
DA:49,0
DA:52,0
FN:55,IMXFarm.impermaxChef
FNDA:0,IMXFarm.impermaxChef
DA:56,0
FN:59,IMXFarm.collateralToken
FNDA:0,IMXFarm.collateralToken
DA:60,22
FN:63,IMXFarm.sBorrowable
FNDA:0,IMXFarm.sBorrowable
DA:64,20
FN:67,IMXFarm.uBorrowable
FNDA:0,IMXFarm.uBorrowable
DA:68,0
FN:71,IMXFarm.farmRouter
FNDA:0,IMXFarm.farmRouter
DA:72,0
FN:75,IMXFarm.pair
FNDA:0,IMXFarm.pair
DA:76,384
FN:79,IMXFarm._addIMXLiquidity
FNDA:13,IMXFarm._addIMXLiquidity
DA:85,13
DA:88,13
DA:98,13
DA:106,13
FN:109,IMXFarm.impermaxBorrow
FNDA:26,IMXFarm.impermaxBorrow
DA:116,26
BRDA:116,1,0,13
BRDA:116,1,1,26
DA:120,26
DA:122,26
BRDA:122,2,0,-
BRDA:122,2,1,26
DA:123,13
DA:127,13
DA:128,13
BRDA:128,3,0,-
BRDA:128,3,1,13
DA:129,13
DA:130,13
FN:134,IMXFarm._addLp
FNDA:13,IMXFarm._addLp
DA:136,13
DA:137,13
DA:140,13
BRDA:140,4,0,6
BRDA:140,4,1,7
DA:142,6
DA:147,7
BRDA:147,5,0,-
BRDA:147,5,1,7
DA:148,0
DA:155,13
BRDA:155,6,0,2
BRDA:155,6,1,11
DA:156,2
DA:157,2
DA:158,11
BRDA:158,7,0,3
BRDA:158,7,1,11
DA:159,3
DA:163,13
DA:164,13
DA:166,13
DA:169,13
DA:170,13
DA:171,13
FN:174,IMXFarm._removeIMXLiquidity
FNDA:4,IMXFarm._removeIMXLiquidity
DA:179,4
DA:181,4
DA:189,4
FN:192,IMXFarm.impermaxRedeem
FNDA:4,IMXFarm.impermaxRedeem
DA:197,4
BRDA:197,8,0,-
BRDA:197,8,1,4
DA:201,4
DA:204,4
DA:205,4
DA:211,4
DA:216,4
BRDA:216,9,0,-
BRDA:216,9,1,4
DA:218,0
DA:223,0
DA:226,4
BRDA:226,10,0,4
BRDA:226,10,1,4
DA:227,4
DA:232,4
DA:235,4
DA:238,4
DA:239,4
DA:242,4
DA:246,4
DA:248,4
DA:254,4
FN:261,IMXFarm.pendingHarvest
FNDA:0,IMXFarm.pendingHarvest
DA:262,0
FN:267,IMXFarm._harvestFarm
FNDA:1,IMXFarm._harvestFarm
DA:272,1
DA:273,1
DA:274,1
DA:276,1
DA:278,1
DA:279,1
BRDA:279,11,0,-
BRDA:279,11,1,1
DA:281,1
DA:282,1
FN:285,IMXFarm._getLiquidity
FNDA:102,IMXFarm._getLiquidity
DA:286,102
FN:289,IMXFarm._getLiquidity
FNDA:111,IMXFarm._getLiquidity
DA:290,111
BRDA:290,12,0,28
BRDA:290,12,1,83
DA:291,83
FN:297,IMXFarm._getBorrowBalances
FNDA:112,IMXFarm._getBorrowBalances
DA:298,112
FN:304,IMXFarm.accrueInterest
FNDA:0,IMXFarm.accrueInterest
DA:305,44
DA:306,44
FN:309,IMXFarm._updateAndGetBorrowBalances
FNDA:44,IMXFarm._updateAndGetBorrowBalances
DA:310,44
DA:311,44
FN:315,IMXFarm._optimalUBorrow
FNDA:28,IMXFarm._optimalUBorrow
DA:316,28
DA:318,28
DA:319,28
FN:322,IMXFarm.loanHealth
FNDA:2,IMXFarm.loanHealth
DA:323,5
DA:324,5
BRDA:324,13,0,-
BRDA:324,13,1,5
DA:325,5
DA:326,5
DA:327,5
FN:330,IMXFarm._shortToUnderlyingOracle
FNDA:0,IMXFarm._shortToUnderlyingOracle
DA:331,0
DA:332,0
FNF:22
FNH:12
LF:95
LH:74
BRF:28
BRH:19
end_of_record
TN:
SF:src/strategies/mixins/IFarmable.sol
FN:13,IFarmable._swap
FNDA:0,IFarmable._swap
DA:19,0
DA:22,0
BRDA:22,0,0,-
BRDA:22,0,1,-
DA:27,0
FNF:1
FNH:0
LF:3
LH:0
BRF:2
BRH:0
end_of_record
TN:
SF:src/strategies/mixins/IUniLp.sol
FN:21,IUniLp._addLiquidity
FNDA:0,IUniLp._addLiquidity
DA:27,0
DA:28,0
DA:29,0
FN:32,IUniLp._removeLiquidity
FNDA:0,IUniLp._removeLiquidity
DA:38,0
DA:39,0
DA:40,0
DA:41,0
FN:47,IUniLp._quote
FNDA:0,IUniLp._quote
DA:52,0
BRDA:52,0,0,-
BRDA:52,0,1,-
DA:53,0
DA:54,0
FN:58,IUniLp.getUnderlyingShortReserves
FNDA:0,IUniLp.getUnderlyingShortReserves
DA:59,0
FN:62,IUniLp._getLPBalances
FNDA:0,IUniLp._getLPBalances
DA:68,0
DA:69,0
DA:70,0
DA:71,0
DA:72,0
FNF:5
FNH:0
LF:16
LH:0
BRF:2
BRH:0
end_of_record
TN:
SF:src/strategies/mixins/upgradable/IFarmableU.sol
FN:10,IFarmableU._swap
FNDA:1,IFarmableU._swap
DA:16,1
FN:19,IFarmableU._swapTo
FNDA:1,IFarmableU._swapTo
DA:26,1
DA:29,1
BRDA:29,0,0,-
BRDA:29,0,1,1
DA:34,1
FNF:2
FNH:2
LF:4
LH:4
BRF:2
BRH:1
end_of_record
TN:
SF:src/strategies/mixins/upgradable/IUniLpU.sol
FN:20,IUniLpU._quote
FNDA:141,IUniLpU._quote
DA:25,141
BRDA:25,0,0,-
BRDA:25,0,1,141
DA:26,141
DA:27,141
FN:31,IUniLpU._addLiquidity
FNDA:0,IUniLpU._addLiquidity
DA:37,0
DA:38,0
DA:39,0
FN:42,IUniLpU._removeLiquidity
FNDA:4,IUniLpU._removeLiquidity
DA:48,4
DA:49,4
DA:50,4
DA:51,4
FN:58,IUniLpU.getUnderlyingShortReserves
FNDA:0,IUniLpU.getUnderlyingShortReserves
DA:59,100
FN:62,IUniLpU._getLPBalances
FNDA:100,IUniLpU._getLPBalances
DA:68,100
DA:69,100
DA:70,100
DA:71,100
DA:72,100
FN:76,IUniLpU._shortToUnderlying
FNDA:145,IUniLpU._shortToUnderlying
DA:77,145
FN:81,IUniLpU._underlyingToShort
FNDA:17,IUniLpU._underlyingToShort
DA:82,17
FNF:7
FNH:5
LF:18
LH:15
BRF:2
BRH:1
end_of_record
TN:
SF:src/tests/mocks/MockERC20.sol
FN:17,MockERC20.decimals
FNDA:0,MockERC20.decimals
DA:18,0
FN:21,MockERC20.mint
FNDA:10,MockERC20.mint
DA:22,10
FN:25,MockERC20.burn
FNDA:4,MockERC20.burn
DA:26,4
FNF:3
FNH:2
LF:3
LH:2
BRF:0
BRH:0
end_of_record
TN:
SF:src/tests/mocks/MockPair.sol
FN:31,MockPair.getReserves
FNDA:0,MockPair.getReserves
DA:40,0
DA:41,0
DA:42,0
FN:67,MockPair.initialize
FNDA:0,MockPair.initialize
DA:68,0
BRDA:68,0,0,-
BRDA:68,0,1,-
DA:69,0
DA:70,0
FN:74,MockPair._update
FNDA:0,MockPair._update
DA:75,0
BRDA:75,1,0,-
BRDA:75,1,1,-
DA:79,0
DA:80,0
DA:81,0
FN:84,MockPair.mint
FNDA:0,MockPair.mint
DA:85,0
DA:86,0
DA:87,0
DA:88,0
DA:89,0
DA:90,0
DA:91,0
BRDA:91,2,0,-
BRDA:91,2,1,-
DA:92,0
DA:93,0
DA:95,0
DA:100,0
BRDA:100,3,0,-
BRDA:100,3,1,-
DA:101,0
DA:102,0
DA:103,0
DA:104,0
FN:107,MockPair.burn
FNDA:0,MockPair.burn
DA:108,0
DA:109,0
DA:110,0
DA:111,0
DA:112,0
DA:114,0
DA:115,0
DA:116,0
DA:117,0
BRDA:117,4,0,-
BRDA:117,4,1,-
DA:118,0
DA:119,0
DA:120,0
DA:121,0
DA:122,0
DA:124,0
DA:125,0
DA:126,0
FN:130,MockPair.swap
FNDA:0,MockPair.swap
DA:136,0
BRDA:136,5,0,-
BRDA:136,5,1,-
DA:137,0
DA:138,0
BRDA:138,6,0,-
BRDA:138,6,1,-
DA:143,0
DA:144,0
DA:147,0
DA:148,0
DA:149,0
BRDA:149,7,0,-
BRDA:149,7,1,-
DA:150,0
BRDA:150,8,0,-
BRDA:150,8,1,-
DA:151,0
BRDA:151,9,0,-
BRDA:151,9,1,-
DA:152,0
DA:153,0
DA:155,0
DA:158,0
DA:161,0
BRDA:161,10,0,-
BRDA:161,10,1,-
DA:164,0
DA:165,0
DA:166,0
BRDA:166,11,0,-
BRDA:166,11,1,-
DA:172,0
DA:173,0
FN:177,MockPair.skim
FNDA:0,MockPair.skim
DA:178,0
DA:179,0
DA:180,0
DA:181,0
FN:185,MockPair.sync
FNDA:0,MockPair.sync
DA:186,0
FNF:8
FNH:0
LF:67
LH:0
BRF:24
BRH:0
end_of_record
TN:
SF:src/tests/mocks/MockScyVault.sol
FN:21,MockScyVault._stratDeposit
FNDA:4,MockScyVault._stratDeposit
DA:22,4
BRDA:22,0,0,-
BRDA:22,0,1,4
DA:23,4
DA:24,4
DA:25,4
FN:28,MockScyVault._stratRedeem
FNDA:2,MockScyVault._stratRedeem
DA:33,2
DA:34,2
DA:35,2
DA:37,2
DA:38,2
FN:41,MockScyVault._stratClosePosition
FNDA:0,MockScyVault._stratClosePosition
DA:42,0
DA:43,0
DA:44,0
DA:45,0
DA:46,0
DA:47,0
FN:50,MockScyVault._stratGetAndUpdateTvl
FNDA:0,MockScyVault._stratGetAndUpdateTvl
DA:51,0
FN:54,MockScyVault._strategyTvl
FNDA:8,MockScyVault._strategyTvl
DA:55,8
FN:58,MockScyVault._stratMaxTvl
FNDA:0,MockScyVault._stratMaxTvl
DA:59,0
FN:62,MockScyVault._stratCollateralToUnderlying
FNDA:0,MockScyVault._stratCollateralToUnderlying
DA:63,0
FN:66,MockScyVault._stratValidate
FNDA:0,MockScyVault._stratValidate
FN:69,MockScyVault._selfBalance
FNDA:6,MockScyVault._selfBalance
DA:70,6
FN:73,MockScyVault._getFloatingAmount
FNDA:4,MockScyVault._getFloatingAmount
DA:74,4
BRDA:74,1,0,4
BRDA:74,1,1,-
DA:75,0
FNF:10
FNH:5
LF:22
LH:12
BRF:4
BRH:2
end_of_record
TN:
SF:src/tests/mocks/MockUniswapOracle.sol
FN:24,MockUniswapOracle.initialize
FNDA:0,MockUniswapOracle.initialize
DA:25,0
BRDA:25,0,0,-
BRDA:25,0,1,-
DA:26,0
DA:27,0
FN:30,MockUniswapOracle.getResult
FNDA:0,MockUniswapOracle.getResult
DA:31,0
DA:32,0
FN:35,MockUniswapOracle.setPrice
FNDA:0,MockUniswapOracle.setPrice
DA:36,0
FN:41,MockUniswapOracle.getBlockTimestamp
FNDA:0,MockUniswapOracle.getBlockTimestamp
DA:42,0
FNF:4
FNH:0
LF:7
LH:0
BRF:2
BRH:0
end_of_record
TN:
SF:src/tests/mocks/WETH.sol
FN:18,WETH.deposit
FNDA:0,WETH.deposit
DA:19,0
DA:21,0
FN:24,WETH.withdraw
FNDA:0,WETH.withdraw
DA:25,0
DA:27,0
DA:29,0
FNF:2
FNH:0
LF:5
LH:0
BRF:0
BRH:0
end_of_record
TN:
SF:src/tests/strategy/IMXSetup.sol
FN:41,IMXSetup.setUp
FNDA:0,IMXSetup.setUp
DA:42,0
DA:43,0
DA:46,0
DA:47,0
DA:48,0
DA:49,0
DA:50,0
DA:51,0
DA:52,0
DA:53,0
DA:54,0
DA:55,0
DA:56,0
DA:59,0
DA:60,0
DA:61,0
DA:62,0
DA:63,0
DA:64,0
DA:65,0
DA:66,0
DA:68,0
DA:70,0
DA:71,0
DA:73,0
DA:74,0
DA:76,0
DA:77,0
FN:80,IMXSetup.deposit
FNDA:0,IMXSetup.deposit
DA:81,0
FN:84,IMXSetup.deposit
FNDA:0,IMXSetup.deposit
DA:86,0
DA:87,0
DA:88,0
DA:89,0
DA:90,0
DA:91,0
DA:92,0
DA:93,0
DA:94,0
DA:95,0
DA:101,0
FN:104,IMXSetup.withdraw
FNDA:0,IMXSetup.withdraw
DA:105,0
DA:106,0
DA:107,0
FN:115,IMXSetup.adjustPrice
FNDA:0,IMXSetup.adjustPrice
DA:116,0
DA:117,0
DA:118,0
FN:121,IMXSetup.moveUniPrice
FNDA:0,IMXSetup.moveUniPrice
DA:122,0
DA:123,0
FN:126,IMXSetup.rebalance
FNDA:0,IMXSetup.rebalance
DA:127,0
DA:128,0
DA:129,0
DA:130,0
FN:134,IMXSetup.getSlippageParams
FNDA:0,IMXSetup.getSlippageParams
DA:138,0
DA:139,0
FNF:8
FNH:0
LF:54
LH:0
BRF:0
BRH:0
end_of_record
TN:
SF:src/tests/utils/IMXUtils.sol
FN:28,IMXUtils.mockOraclePrice
FNDA:0,IMXUtils.mockOraclePrice
DA:33,0
FN:40,IMXUtils.trackCost
FNDA:0,IMXUtils.trackCost
DA:41,0
DA:42,0
DA:43,0
DA:44,0
FN:47,IMXUtils.updateFlashCost
FNDA:0,IMXUtils.updateFlashCost
DA:53,0
DA:54,0
DA:55,0
DA:56,0
DA:57,0
BRDA:57,0,0,-
BRDA:57,0,1,-
DA:58,0
DA:59,0
DA:61,0
DA:62,0
DA:65,0
BRDA:65,1,0,-
BRDA:65,1,1,-
DA:66,0
DA:67,0
DA:69,0
DA:70,0
FN:74,IMXUtils.moveUniswapPrice
FNDA:0,IMXUtils.moveUniswapPrice
DA:80,0
DA:81,0
DA:82,0
BRDA:82,2,0,-
BRDA:82,2,1,-
DA:83,0
DA:84,0
DA:85,0
DA:86,0
DA:87,0
DA:88,0
DA:89,0
BRDA:89,3,0,-
BRDA:89,3,1,-
DA:90,0
DA:91,0
DA:92,0
DA:93,0
DA:94,0
FN:98,IMXUtils.movePrice
FNDA:0,IMXUtils.movePrice
DA:106,0
DA:107,0
DA:108,0
DA:109,0
DA:110,0
FN:113,IMXUtils.logTvl
FNDA:0,IMXUtils.logTvl
DA:114,0
DA:121,0
DA:122,0
DA:123,0
DA:124,0
DA:125,0
DA:126,0
FNF:6
FNH:0
LF:46
LH:0
BRF:8
BRH:0
end_of_record
TN:
SF:src/tests/utils/UQ112x112.sol
FN:13,UQ112x112.encode
FNDA:0,UQ112x112.encode
DA:14,0
FN:18,UQ112x112.uqdiv
FNDA:0,UQ112x112.uqdiv
DA:19,0
FNF:2
FNH:0
LF:2
LH:0
BRF:0
BRH:0
end_of_record
TN:
SF:src/vaults/ERC4626/BatchedWithdraw.sol
FN:27,BatchedWithdraw.requestRedeem
FNDA:0,BatchedWithdraw.requestRedeem
DA:28,0
DA:29,0
DA:30,0
DA:31,0
DA:32,0
DA:33,0
FN:36,BatchedWithdraw.withdraw
FNDA:0,BatchedWithdraw.withdraw
DA:41,0
FN:44,BatchedWithdraw.redeem
FNDA:0,BatchedWithdraw.redeem
DA:49,0
DA:50,0
BRDA:50,0,0,-
BRDA:50,0,1,-
DA:51,0
BRDA:51,1,0,-
BRDA:51,1,1,-
DA:52,0
DA:53,0
DA:54,0
DA:55,0
DA:56,0
FN:61,BatchedWithdraw._processWithdraw
FNDA:0,BatchedWithdraw._processWithdraw
DA:62,0
DA:63,0
FNF:4
FNH:0
LF:17
LH:0
BRF:4
BRH:0
end_of_record
TN:
SF:src/vaults/ERC4626/ERC4626.sol
FN:45,ERC4626.decimals
FNDA:0,ERC4626.decimals
DA:46,0
FN:53,ERC4626.deposit
FNDA:0,ERC4626.deposit
DA:57,0
DA:60,0
DA:63,0
BRDA:63,0,0,-
BRDA:63,0,1,-
DA:64,0
BRDA:64,1,0,-
BRDA:64,1,1,-
DA:65,0
DA:66,0
DA:69,0
DA:71,0
DA:73,0
FN:76,ERC4626.mint
FNDA:0,ERC4626.mint
DA:77,0
DA:80,0
DA:82,0
DA:84,0
DA:86,0
FN:89,ERC4626.withdraw
FNDA:0,ERC4626.withdraw
DA:94,0
DA:97,0
BRDA:97,2,0,-
BRDA:97,2,1,-
DA:99,0
DA:101,0
DA:103,0
DA:105,0
FN:108,ERC4626.redeem
FNDA:0,ERC4626.redeem
DA:114,0
BRDA:114,3,0,-
BRDA:114,3,1,-
DA:119,0
DA:121,0
DA:123,0
DA:125,0
DA:127,0
FN:134,ERC4626.maxDeposit
FNDA:0,ERC4626.maxDeposit
DA:135,0
FN:138,ERC4626.maxMint
FNDA:0,ERC4626.maxMint
DA:139,0
FN:142,ERC4626.maxWithdraw
FNDA:0,ERC4626.maxWithdraw
DA:143,0
FN:146,ERC4626.maxRedeem
FNDA:0,ERC4626.maxRedeem
DA:147,0
FN:154,ERC4626.beforeWithdraw
FNDA:0,ERC4626.beforeWithdraw
FN:156,ERC4626.afterDeposit
FNDA:0,ERC4626.afterDeposit
FN:159,ERC4626.totalSupply
FNDA:0,ERC4626.totalSupply
DA:160,0
FNF:12
FNH:0
LF:32
LH:0
BRF:8
BRH:0
end_of_record
TN:
SF:src/vaults/IMXLend.sol
FN:22,IMXLend._stratValidate
FNDA:0,IMXLend._stratValidate
DA:24,0
BRDA:23,0,0,-
BRDA:23,0,1,-
DA:26,0
FN:29,IMXLend._stratDeposit
FNDA:2,IMXLend._stratDeposit
DA:30,2
FN:33,IMXLend._stratRedeem
FNDA:1,IMXLend._stratRedeem
DA:38,1
DA:39,1
DA:40,1
FN:43,IMXLend._stratGetAndUpdateTvl
FNDA:0,IMXLend._stratGetAndUpdateTvl
DA:45,0
DA:46,0
DA:47,0
DA:48,0
FN:51,IMXLend._strategyTvl
FNDA:13,IMXLend._strategyTvl
DA:52,13
DA:53,13
DA:54,13
DA:55,13
FN:58,IMXLend._stratClosePosition
FNDA:0,IMXLend._stratClosePosition
DA:59,0
DA:60,0
DA:61,0
FN:65,IMXLend._stratMaxTvl
FNDA:0,IMXLend._stratMaxTvl
DA:66,0
FN:69,IMXLend._stratCollateralToUnderlying
FNDA:2,IMXLend._stratCollateralToUnderlying
DA:70,2
FN:74,IMXLend._selfBalance
FNDA:1,IMXLend._selfBalance
DA:75,1
FN:78,IMXLend._getFloatingAmount
FNDA:2,IMXLend._getFloatingAmount
DA:79,2
BRDA:79,1,0,2
BRDA:79,1,1,-
DA:80,2
DA:81,0
FNF:10
FNH:6
LF:23
LH:12
BRF:4
BRH:1
end_of_record
TN:
SF:src/vaults/IMXVault.sol
FN:16,IMXVault._stratValidate
FNDA:0,IMXVault._stratValidate
DA:18,0
BRDA:17,0,0,-
BRDA:17,0,1,-
DA:20,0
FN:23,IMXVault._stratDeposit
FNDA:10,IMXVault._stratDeposit
DA:24,10
FN:27,IMXVault._stratRedeem
FNDA:3,IMXVault._stratRedeem
DA:34,3
DA:35,2
FN:38,IMXVault._stratGetAndUpdateTvl
FNDA:0,IMXVault._stratGetAndUpdateTvl
DA:39,0
FN:42,IMXVault._strategyTvl
FNDA:20,IMXVault._strategyTvl
DA:43,20
FN:46,IMXVault._stratClosePosition
FNDA:0,IMXVault._stratClosePosition
DA:47,0
FN:50,IMXVault._stratMaxTvl
FNDA:0,IMXVault._stratMaxTvl
DA:51,0
FN:54,IMXVault._stratCollateralToUnderlying
FNDA:7,IMXVault._stratCollateralToUnderlying
DA:55,7
FNF:8
FNH:4
LF:10
LH:5
BRF:2
BRH:0
end_of_record
TN:
SF:src/vaults/SectorVault.sol
FN:49,SectorVault.addStrategy
FNDA:0,SectorVault.addStrategy
DA:50,0
BRDA:50,0,0,-
BRDA:50,0,1,-
DA:53,0
BRDA:53,1,0,-
BRDA:53,1,1,-
DA:55,0
DA:56,0
FN:59,SectorVault.removeStrategy
FNDA:0,SectorVault.removeStrategy
DA:60,0
BRDA:60,2,0,-
BRDA:60,2,1,-
DA:61,0
DA:62,0
DA:64,0
DA:65,0
BRDA:65,3,0,-
BRDA:65,3,1,-
DA:66,0
DA:67,0
DA:68,0
FN:74,SectorVault.harvest
FNDA:0,SectorVault.harvest
DA:75,0
DA:76,0
DA:78,0
DA:81,0
BRDA:81,4,0,-
BRDA:81,4,1,-
DA:87,0
BRDA:87,5,0,-
BRDA:87,5,1,-
DA:88,0
DA:91,0
DA:94,0
BRDA:94,6,0,-
BRDA:94,6,1,-
DA:97,0
DA:98,0
DA:99,0
DA:100,0
FN:104,SectorVault.withdrawFromStrategies
FNDA:0,SectorVault.withdrawFromStrategies
DA:105,0
DA:106,0
DA:107,0
DA:109,0
DA:115,0
FN:120,SectorVault.despositIntoStrategies
FNDA:0,SectorVault.despositIntoStrategies
DA:121,0
DA:122,0
DA:123,0
DA:125,0
DA:126,0
DA:132,0
FN:137,SectorVault._getStrategyHoldings
FNDA:0,SectorVault._getStrategyHoldings
DA:138,0
DA:140,0
DA:141,0
DA:142,0
FN:146,SectorVault._checkSlippage
FNDA:0,SectorVault._checkSlippage
DA:151,0
DA:154,0
BRDA:154,7,0,-
BRDA:154,7,1,-
FN:158,SectorVault.getTvl
FNDA:0,SectorVault.getTvl
DA:159,0
DA:161,0
DA:162,0
DA:163,0
FN:167,SectorVault.totalAssets
FNDA:0,SectorVault.totalAssets
DA:168,0
FN:173,SectorVault.withdraw
FNDA:0,SectorVault.withdraw
DA:178,0
FN:181,SectorVault.redeem
FNDA:0,SectorVault.redeem
DA:186,0
FNF:11
FNH:0
LF:48
LH:0
BRF:16
BRH:0
end_of_record
TN:
SF:src/vaults/scy/SCYBase.sol
FN:32,SCYBase.deposit
FNDA:16,SCYBase.deposit
DA:38,16
BRDA:38,0,0,-
BRDA:38,0,1,16
DA:40,16
BRDA:40,1,0,-
BRDA:40,1,1,16
BRDA:40,2,0,-
BRDA:40,2,1,-
DA:41,16
BRDA:41,3,0,13
BRDA:41,3,1,16
DA:45,16
DA:46,16
BRDA:46,4,0,-
BRDA:46,4,1,16
DA:48,16
DA:49,15
BRDA:49,5,0,-
BRDA:49,5,1,15
DA:52,15
BRDA:52,6,0,9
BRDA:52,6,1,15
DA:53,9
BRDA:53,7,0,-
BRDA:53,7,1,9
DA:54,9
DA:55,9
DA:58,15
DA:59,15
FN:65,SCYBase.redeem
FNDA:5,SCYBase.redeem
DA:71,5
BRDA:71,8,0,-
BRDA:71,8,1,5
DA:77,5
DA:78,5
DA:79,4
BRDA:79,9,0,-
BRDA:79,9,1,4
DA:81,4
DA:82,4
BRDA:82,10,0,1
BRDA:82,10,1,4
DA:84,4
FN:154,SCYBase.totalSupply
FNDA:1,SCYBase.totalSupply
DA:155,97
FNF:3
FNH:3
LF:21
LH:21
BRF:22
BRH:13
end_of_record
TN:
SF:src/vaults/scy/SCYVault.sol
FN:69,SCYVault.getMaxTvl
FNDA:0,SCYVault.getMaxTvl
DA:70,0
FN:73,SCYVault.setMaxTvl
FNDA:0,SCYVault.setMaxTvl
DA:74,0
DA:75,0
FN:78,SCYVault.setMaxDust
FNDA:0,SCYVault.setMaxDust
DA:79,0
DA:80,0
FN:83,SCYVault.initStrategy
FNDA:0,SCYVault.initStrategy
DA:84,0
BRDA:84,0,0,-
BRDA:84,0,1,-
DA:85,0
DA:86,0
DA:87,0
FN:90,SCYVault.updateStrategy
FNDA:0,SCYVault.updateStrategy
DA:91,0
DA:92,0
BRDA:92,1,0,-
BRDA:92,1,1,-
DA:93,0
DA:94,0
DA:95,0
FN:98,SCYVault._deposit
FNDA:16,SCYVault._deposit
DA:104,16
BRDA:104,2,0,1
BRDA:104,2,1,15
DA:105,15
DA:106,15
DA:107,15
FN:110,SCYVault._redeem
FNDA:5,SCYVault._redeem
DA:115,5
DA:117,5
DA:121,5
DA:122,5
DA:125,5
BRDA:125,3,0,1
BRDA:125,3,1,5
DA:129,5
BRDA:129,4,0,1
BRDA:129,4,1,4
DA:130,1
DA:131,1
DA:132,1
DA:133,4
DA:134,4
FN:140,SCYVault.isPaused
FNDA:0,SCYVault.isPaused
DA:141,16
FN:147,SCYVault.harvest
FNDA:0,SCYVault.harvest
DA:148,0
DA:149,0
DA:150,0
BRDA:150,5,0,-
BRDA:150,5,1,-
DA:152,0
DA:153,0
DA:154,0
DA:156,0
DA:157,0
DA:158,0
FN:162,SCYVault.depositIntoStrategy
FNDA:1,SCYVault.depositIntoStrategy
DA:166,1
BRDA:166,6,0,-
BRDA:166,6,1,1
DA:167,1
DA:168,1
DA:169,1
DA:170,1
DA:171,1
BRDA:171,7,0,-
BRDA:171,7,1,1
FN:175,SCYVault.withdrawFromStrategy
FNDA:1,SCYVault.withdrawFromStrategy
DA:176,1
DA:177,1
DA:178,1
BRDA:178,8,0,-
BRDA:178,8,1,1
DA:179,1
FN:182,SCYVault.closePosition
FNDA:0,SCYVault.closePosition
DA:183,0
DA:184,0
BRDA:184,9,0,-
BRDA:184,9,1,-
DA:185,0
FN:188,SCYVault.getStrategyTvl
FNDA:6,SCYVault.getStrategyTvl
DA:189,6
FN:194,SCYVault.getAndUpdateTvl
FNDA:0,SCYVault.getAndUpdateTvl
DA:195,0
DA:196,0
DA:197,0
FN:200,SCYVault.getTvl
FNDA:0,SCYVault.getTvl
DA:201,0
DA:202,0
DA:203,0
FN:206,SCYVault.totalAssets
FNDA:0,SCYVault.totalAssets
DA:207,13
FN:211,SCYVault.exchangeRateUnderlying
FNDA:0,SCYVault.exchangeRateUnderlying
DA:212,20
DA:213,20
BRDA:213,10,0,9
BRDA:213,10,1,11
DA:214,11
DA:215,11
FN:218,SCYVault.underlyingBalance
FNDA:34,SCYVault.underlyingBalance
DA:219,34
DA:220,34
DA:221,34
BRDA:221,11,0,27
BRDA:221,11,1,34
DA:222,24
DA:223,24
FN:226,SCYVault.underlyingToShares
FNDA:16,SCYVault.underlyingToShares
DA:227,16
FN:230,SCYVault.sharesToUnderlying
FNDA:4,SCYVault.sharesToUnderlying
DA:231,4
FN:238,SCYVault.assetInfo
FNDA:0,SCYVault.assetInfo
DA:247,0
DA:248,0
FN:251,SCYVault.underlyingDecimals
FNDA:0,SCYVault.underlyingDecimals
DA:252,0
FN:255,SCYVault._getFloatingAmount
FNDA:10,SCYVault._getFloatingAmount
DA:256,10
BRDA:256,12,0,10
BRDA:256,12,1,-
DA:257,0
FN:260,SCYVault.decimals
FNDA:0,SCYVault.decimals
DA:261,0
FN:267,SCYVault.exchangeRateCurrent
FNDA:0,SCYVault.exchangeRateCurrent
DA:268,0
DA:269,0
BRDA:269,13,0,-
BRDA:269,13,1,-
DA:270,0
FN:277,SCYVault.exchangeRateStored
FNDA:0,SCYVault.exchangeRateStored
DA:278,0
FN:281,SCYVault.getBaseTokens
FNDA:0,SCYVault.getBaseTokens
DA:282,0
FN:285,SCYVault.isValidBaseToken
FNDA:0,SCYVault.isValidBaseToken
DA:286,21
FN:290,SCYVault._transferIn
FNDA:13,SCYVault._transferIn
DA:295,13
BRDA:295,14,0,-
BRDA:295,14,1,13
DA:297,0
BRDA:297,15,0,-
BRDA:297,15,1,-
DA:298,13
FN:302,SCYVault._transferOut
FNDA:1,SCYVault._transferOut
DA:307,1
BRDA:307,16,0,-
BRDA:307,16,1,1
DA:308,0
DA:310,1
FN:315,SCYVault._selfBalance
FNDA:6,SCYVault._selfBalance
DA:316,6
BRDA:316,17,0,-
BRDA:316,17,1,6
DA:317,6
FN:323,SCYVault.min
FNDA:0,SCYVault.min
DA:324,0
FNF:32
FNH:12
LF:92
LH:47
BRF:36
BRH:17
end_of_record
