TN:
SF:src/SectorRegistry.sol
FN:13,SectorRegistry.addVault
FNDA:0,SectorRegistry.addVault
DA:14,0
FNF:1
FNH:0
LF:1
LH:0
BRF:0
BRH:0
end_of_record
TN:
SF:src/SectorTimelock.sol
FN:119,SectorTimelock.isOperation
FNDA:0,SectorTimelock.isOperation
DA:120,0
FN:126,SectorTimelock.isOperationPending
FNDA:0,SectorTimelock.isOperationPending
DA:127,0
FN:133,SectorTimelock.isOperationReady
FNDA:0,SectorTimelock.isOperationReady
DA:134,0
DA:135,0
FN:141,SectorTimelock.isOperationDone
FNDA:0,SectorTimelock.isOperationDone
DA:142,0
FN:149,SectorTimelock.getTimestamp
FNDA:0,SectorTimelock.getTimestamp
DA:150,0
FN:158,SectorTimelock.getMinDelay
FNDA:0,SectorTimelock.getMinDelay
DA:159,0
FN:166,SectorTimelock.hashOperation
FNDA:0,SectorTimelock.hashOperation
DA:173,0
FN:180,SectorTimelock.hashOperationBatch
FNDA:0,SectorTimelock.hashOperationBatch
DA:187,0
FN:199,SectorTimelock.schedule
FNDA:0,SectorTimelock.schedule
DA:207,0
DA:208,0
DA:209,0
FN:221,SectorTimelock.scheduleBatch
FNDA:0,SectorTimelock.scheduleBatch
DA:229,0
BRDA:229,0,0,-
BRDA:229,0,1,-
DA:230,0
BRDA:230,1,0,-
BRDA:230,1,1,-
DA:232,0
DA:233,0
DA:234,0
DA:235,0
FN:242,SectorTimelock._schedule
FNDA:0,SectorTimelock._schedule
DA:243,0
BRDA:243,2,0,-
BRDA:243,2,1,-
DA:244,0
BRDA:244,3,0,-
BRDA:244,3,1,-
DA:245,0
FN:255,SectorTimelock.cancel
FNDA:0,SectorTimelock.cancel
DA:256,0
BRDA:256,4,0,-
BRDA:256,4,1,-
DA:257,0
DA:259,0
FN:274,SectorTimelock.execute
FNDA:0,SectorTimelock.execute
DA:281,0
DA:282,0
DA:283,0
DA:284,0
FN:296,SectorTimelock.executeBatch
FNDA:0,SectorTimelock.executeBatch
DA:303,0
BRDA:303,5,0,-
BRDA:303,5,1,-
DA:304,0
BRDA:304,6,0,-
BRDA:304,6,1,-
DA:306,0
DA:307,0
DA:308,0
DA:309,0
DA:311,0
FN:317,SectorTimelock._beforeCall
FNDA:0,SectorTimelock._beforeCall
DA:318,0
BRDA:318,7,0,-
BRDA:318,7,1,-
DA:319,0
BRDA:319,8,0,-
BRDA:319,8,1,-
FN:328,SectorTimelock._afterCall
FNDA:0,SectorTimelock._afterCall
DA:329,0
BRDA:329,9,0,-
BRDA:329,9,1,-
DA:330,0
FN:338,SectorTimelock._call
FNDA:0,SectorTimelock._call
DA:345,0
DA:346,0
BRDA:346,10,0,-
BRDA:346,10,1,-
DA:348,0
FN:361,SectorTimelock.updateDelay
FNDA:0,SectorTimelock.updateDelay
DA:362,0
BRDA:362,11,0,-
BRDA:362,11,1,-
DA:363,0
BRDA:363,12,0,-
BRDA:363,12,1,-
DA:364,0
DA:365,0
FNF:18
FNH:0
LF:46
LH:0
BRF:26
BRH:0
end_of_record
TN:
SF:src/common/Accounting.sol
FN:17,Accounting.toSharesAfterDeposit
FNDA:0,Accounting.toSharesAfterDeposit
DA:18,36
DA:19,36
DA:20,36
BRDA:20,0,0,11
BRDA:20,0,1,25
DA:21,25
FN:24,Accounting.convertToShares
FNDA:0,Accounting.convertToShares
DA:25,12
DA:27,12
FN:30,Accounting.convertToAssets
FNDA:0,Accounting.convertToAssets
DA:31,37
DA:33,37
FN:36,Accounting.previewDeposit
FNDA:0,Accounting.previewDeposit
DA:37,12
FN:40,Accounting.previewMint
FNDA:0,Accounting.previewMint
DA:41,0
DA:43,0
FN:46,Accounting.previewWithdraw
FNDA:0,Accounting.previewWithdraw
DA:47,0
DA:49,0
FN:52,Accounting.previewRedeem
FNDA:0,Accounting.previewRedeem
DA:53,0
FNF:7
FNH:0
LF:14
LH:9
BRF:2
BRH:2
end_of_record
TN:
SF:src/common/Auth.sol
FN:59,Auth.transferOwnership
FNDA:0,Auth.transferOwnership
DA:60,0
DA:61,0
FN:66,Auth.acceptOwnership
FNDA:0,Auth.acceptOwnership
DA:67,0
BRDA:67,0,0,-
BRDA:67,0,1,-
DA:68,0
DA:69,0
DA:72,0
DA:73,0
DA:74,0
DA:76,0
DA:77,0
DA:78,0
DA:80,0
FNF:2
FNH:0
LF:12
LH:0
BRF:2
BRH:0
end_of_record
TN:
SF:src/common/AuthU.sol
FN:34,AuthU.__Auth_init_
FNDA:0,AuthU.__Auth_init_
DA:37,0
DA:38,0
DA:41,0
DA:42,0
DA:43,0
DA:44,0
DA:45,0
DA:46,0
DA:49,0
FN:57,AuthU.transferOwnership
FNDA:0,AuthU.transferOwnership
DA:58,0
DA:59,0
FN:64,AuthU.acceptOwnership
FNDA:0,AuthU.acceptOwnership
DA:65,0
BRDA:65,0,0,-
BRDA:65,0,1,-
DA:66,0
DA:67,0
DA:70,0
DA:71,0
DA:73,0
FNF:3
FNH:0
LF:17
LH:0
BRF:2
BRH:0
end_of_record
TN:
SF:src/common/Fees.sol
FN:40,Fees.setPerformanceFee
FNDA:0,Fees.setPerformanceFee
DA:41,0
BRDA:41,0,0,-
BRDA:41,0,1,-
DA:43,0
DA:44,0
FN:49,Fees.setManagementFee
FNDA:2,Fees.setManagementFee
DA:50,2
BRDA:50,1,0,-
BRDA:50,1,1,2
DA:52,2
DA:53,2
FN:58,Fees.setTreasury
FNDA:0,Fees.setTreasury
DA:59,0
DA:60,0
FNF:3
FNH:1
LF:8
LH:3
BRF:4
BRH:1
end_of_record
TN:
SF:src/common/FeesU.sol
FN:26,FeesU.__INIT_FEES_
FNDA:0,FeesU.__INIT_FEES_
DA:27,0
DA:28,0
DA:29,0
DA:30,0
DA:31,0
DA:32,0
FN:37,FeesU.setPerformanceFee
FNDA:0,FeesU.setPerformanceFee
DA:38,0
BRDA:38,0,0,-
BRDA:38,0,1,-
DA:40,0
DA:41,0
FN:46,FeesU.setManagementFee
FNDA:0,FeesU.setManagementFee
DA:47,0
BRDA:47,1,0,-
BRDA:47,1,1,-
DA:49,0
DA:50,0
FN:55,FeesU.setTreasury
FNDA:0,FeesU.setTreasury
DA:56,0
DA:57,0
FNF:4
FNH:0
LF:14
LH:0
BRF:4
BRH:0
end_of_record
TN:
SF:src/common/XChainIntegrator.sol
FN:62,XChainIntegrator.decodeSocketRegistryCalldata
FNDA:0,XChainIntegrator.decodeSocketRegistryCalldata
DA:67,0
DA:68,0
FN:76,XChainIntegrator.verifySocketCalldata
FNDA:0,XChainIntegrator.verifySocketCalldata
DA:82,0
DA:83,0
DA:85,0
BRDA:85,0,0,-
BRDA:85,0,1,-
DA:86,0
DA:88,0
BRDA:88,1,0,-
BRDA:88,1,1,-
DA:89,0
DA:91,0
BRDA:91,2,0,-
BRDA:91,2,1,-
DA:92,0
FN:96,XChainIntegrator.startBridgeRoute
FNDA:0,XChainIntegrator.startBridgeRoute
DA:101,0
FN:112,XChainIntegrator.sendTokens
FNDA:0,XChainIntegrator.sendTokens
DA:121,0
DA:123,0
DA:124,0
DA:126,0
BRDA:126,3,0,-
BRDA:126,3,1,-
FN:135,XChainIntegrator.slice
FNDA:0,XChainIntegrator.slice
DA:140,0
BRDA:140,4,0,-
BRDA:140,4,1,-
DA:141,0
BRDA:141,5,0,-
BRDA:141,5,1,-
DA:143,0
DA:197,0
FN:204,XChainIntegrator.addVault
FNDA:0,XChainIntegrator.addVault
DA:209,0
DA:211,0
BRDA:211,6,0,-
BRDA:211,6,1,-
DA:213,0
DA:214,0
DA:215,0
FN:218,XChainIntegrator.changeVaultStatus
FNDA:0,XChainIntegrator.changeVaultStatus
DA:219,0
DA:221,0
FN:224,XChainIntegrator.isVaultAllowed
FNDA:0,XChainIntegrator.isVaultAllowed
DA:225,0
FNF:8
FNH:0
LF:27
LH:0
BRF:14
BRH:0
end_of_record
TN:
SF:src/libraries/FixedPointMathLib.sol
FN:14,FixedPointMathLib.mulWadDown
FNDA:0,FixedPointMathLib.mulWadDown
DA:15,0
FN:18,FixedPointMathLib.mulWadUp
FNDA:0,FixedPointMathLib.mulWadUp
DA:19,0
FN:22,FixedPointMathLib.divWadDown
FNDA:0,FixedPointMathLib.divWadDown
DA:23,0
FN:26,FixedPointMathLib.divWadUp
FNDA:0,FixedPointMathLib.divWadUp
DA:27,0
FN:34,FixedPointMathLib.mulDivDown
FNDA:0,FixedPointMathLib.mulDivDown
DA:41,0
DA:44,0
BRDA:44,0,0,-
DA:49,0
FN:53,FixedPointMathLib.mulDivUp
FNDA:0,FixedPointMathLib.mulDivUp
DA:60,0
DA:63,0
BRDA:63,1,0,-
DA:70,0
FN:74,FixedPointMathLib.rpow
FNDA:0,FixedPointMathLib.rpow
FN:166,FixedPointMathLib.sqrt
FNDA:0,FixedPointMathLib.sqrt
DA:169,0
DA:175,0
BRDA:175,2,0,-
DA:176,0
DA:177,0
DA:179,0
BRDA:179,3,0,-
DA:180,0
DA:181,0
DA:183,0
BRDA:183,4,0,-
DA:184,0
DA:185,0
DA:187,0
BRDA:187,5,0,-
DA:188,0
DA:189,0
DA:191,0
BRDA:191,6,0,-
DA:192,0
DA:193,0
DA:195,0
BRDA:195,7,0,-
DA:196,0
DA:197,0
DA:199,0
BRDA:199,8,0,-
DA:201,0
DA:205,0
DA:206,0
DA:207,0
DA:208,0
DA:209,0
DA:210,0
DA:211,0
DA:217,0
BRDA:217,9,0,-
DA:218,0
FNF:8
FNH:0
LF:40
LH:0
BRF:10
BRH:0
end_of_record
TN:
SF:src/libraries/SafeETH.sol
FN:5,SafeETH.safeTransferETH
FNDA:0,SafeETH.safeTransferETH
DA:6,0
DA:10,0
DA:13,0
BRDA:13,0,0,-
BRDA:13,0,1,-
FNF:1
FNH:0
LF:3
LH:0
BRF:2
BRH:0
end_of_record
TN:
SF:src/libraries/UniUtils.sol
FN:11,UniUtils._getPairTokens
FNDA:0,UniUtils._getPairTokens
DA:12,0
FN:15,UniUtils._getPairReserves
FNDA:0,UniUtils._getPairReserves
DA:20,0
DA:21,0
DA:22,0
FN:26,UniUtils._quote
FNDA:0,UniUtils._quote
DA:31,0
BRDA:31,0,0,-
BRDA:31,0,1,-
DA:32,0
BRDA:32,1,0,-
BRDA:32,1,1,-
DA:33,0
FN:36,UniUtils._sortTokens
FNDA:0,UniUtils._sortTokens
DA:41,0
BRDA:41,2,0,-
BRDA:41,2,1,-
DA:42,0
DA:43,0
BRDA:43,3,0,-
BRDA:43,3,1,-
FN:46,UniUtils._getAmountOut
FNDA:0,UniUtils._getAmountOut
DA:52,0
BRDA:52,4,0,-
BRDA:52,4,1,-
DA:53,0
DA:54,0
DA:55,0
DA:56,0
DA:57,0
FN:60,UniUtils._getAmountIn
FNDA:0,UniUtils._getAmountIn
DA:66,0
BRDA:66,5,0,-
BRDA:66,5,1,-
DA:67,0
DA:68,0
DA:69,0
DA:70,0
FN:73,UniUtils._swapExactTokensForTokens
FNDA:0,UniUtils._swapExactTokensForTokens
DA:79,0
DA:80,0
BRDA:80,6,0,-
BRDA:80,6,1,-
DA:81,0
DA:82,0
DA:86,0
DA:87,0
DA:88,0
FN:91,UniUtils._swapTokensForExactTokens
FNDA:0,UniUtils._swapTokensForExactTokens
DA:97,0
DA:98,0
DA:99,0
DA:103,0
DA:104,0
DA:105,0
FNF:8
FNH:0
LF:34
LH:0
BRF:14
BRH:0
end_of_record
TN:
SF:src/postOffice/LayerZeroPostman.sol
FN:43,LayerZeroPostman.deliverMessage
FNDA:0,LayerZeroPostman.deliverMessage
DA:50,0
BRDA:50,0,0,-
BRDA:50,0,1,-
DA:51,0
BRDA:51,1,0,-
BRDA:51,1,1,-
DA:53,0
DA:56,0
DA:57,0
DA:58,0
DA:60,0
DA:67,0
BRDA:67,2,0,-
BRDA:67,2,1,-
DA:70,0
FN:80,LayerZeroPostman.lzReceive
FNDA:0,LayerZeroPostman.lzReceive
DA:87,0
BRDA:87,3,0,-
BRDA:87,3,1,-
DA:90,0
DA:95,0
DA:98,0
FN:102,LayerZeroPostman.setChain
FNDA:0,LayerZeroPostman.setChain
DA:103,0
FN:106,LayerZeroPostman.setConfig
FNDA:0,LayerZeroPostman.setConfig
DA:112,0
FN:120,LayerZeroPostman.getConfig
FNDA:0,LayerZeroPostman.getConfig
DA:126,0
FN:135,LayerZeroPostman.setSendVersion
FNDA:0,LayerZeroPostman.setSendVersion
DA:136,0
FN:139,LayerZeroPostman.setReceiveVersion
FNDA:0,LayerZeroPostman.setReceiveVersion
DA:140,0
FN:143,LayerZeroPostman.getSendVersion
FNDA:0,LayerZeroPostman.getSendVersion
DA:144,0
FN:147,LayerZeroPostman.getReceiveVersion
FNDA:0,LayerZeroPostman.getReceiveVersion
DA:148,0
FN:151,LayerZeroPostman.forceResumeReceive
FNDA:0,LayerZeroPostman.forceResumeReceive
FN:156,LayerZeroPostman.
FNDA:0,LayerZeroPostman.
FNF:11
FNH:0
LF:20
LH:0
BRF:8
BRH:0
end_of_record
TN:
SF:src/postOffice/MultichainPostman.sol
FN:26,MultichainPostman.deliverMessage
FNDA:0,MultichainPostman.deliverMessage
DA:33,0
DA:34,0
FN:37,MultichainPostman.anyExecute
FNDA:0,MultichainPostman.anyExecute
DA:39,0
DA:44,0
DA:47,0
DA:49,0
DA:50,0
FNF:2
FNH:0
LF:7
LH:0
BRF:0
BRH:0
end_of_record
TN:
SF:src/postOffice/PostOffice.sol
FN:44,PostOffice.sendMessage
FNDA:0,PostOffice.sendMessage
DA:50,0
BRDA:50,0,0,-
BRDA:50,0,1,-
DA:51,0
DA:53,0
DA:55,0
BRDA:55,1,0,-
BRDA:55,1,1,-
DA:57,0
DA:64,0
FN:67,PostOffice.writeMessage
FNDA:0,PostOffice.writeMessage
DA:72,0
BRDA:72,2,0,-
BRDA:72,2,1,-
DA:73,0
DA:75,0
DA:77,0
FN:82,PostOffice.readMessage
FNDA:0,PostOffice.readMessage
DA:84,0
DA:86,0
DA:87,0
DA:89,0
DA:90,0
DA:91,0
DA:94,0
DA:98,0
FN:103,PostOffice.readMessageSumReduce
FNDA:0,PostOffice.readMessageSumReduce
DA:107,0
DA:108,0
DA:110,0
DA:111,0
DA:112,0
DA:115,0
DA:119,0
FN:126,PostOffice.addClient
FNDA:0,PostOffice.addClient
DA:131,0
FN:134,PostOffice.addClient
FNDA:0,PostOffice.addClient
DA:140,0
FN:143,PostOffice.addPostman
FNDA:0,PostOffice.addPostman
DA:144,0
BRDA:144,3,0,-
BRDA:144,3,1,-
DA:145,0
DA:147,0
DA:148,0
DA:150,0
FN:153,PostOffice.updateReceiver
FNDA:0,PostOffice.updateReceiver
DA:158,0
DA:159,0
DA:161,0
FN:164,PostOffice.updatePostman
FNDA:0,PostOffice.updatePostman
DA:165,0
DA:166,0
DA:168,0
FN:171,PostOffice.listReceivers
FNDA:0,PostOffice.listReceivers
DA:172,0
DA:173,0
DA:175,0
DA:176,0
DA:179,0
DA:183,0
FN:186,PostOffice.listPostman
FNDA:0,PostOffice.listPostman
DA:187,0
DA:188,0
DA:190,0
DA:191,0
DA:194,0
DA:198,0
FN:201,PostOffice._addClient
FNDA:0,PostOffice._addClient
DA:207,0
BRDA:207,4,0,-
BRDA:207,4,1,-
DA:209,0
DA:210,0
DA:212,0
FNF:12
FNH:0
LF:54
LH:0
BRF:10
BRH:0
end_of_record
TN:
SF:src/strategies/imx/IMX.sol
FN:12,IMX.initialize
FNDA:0,IMX.initialize
DA:13,0
DA:15,0
DA:24,0
FN:27,IMX.tarotBorrow
FNDA:24,IMX.tarotBorrow
DA:33,24
FN:36,IMX.tarotRedeem
FNDA:4,IMX.tarotRedeem
DA:41,4
FNF:3
FNH:2
LF:5
LH:2
BRF:0
BRH:0
end_of_record
TN:
SF:src/strategies/imx/IMXAuthU.sol
FN:26,IMXAuthU.emergencyWithdraw
FNDA:0,IMXAuthU.emergencyWithdraw
DA:30,0
DA:31,0
DA:32,0
DA:33,0
BRDA:33,0,0,-
BRDA:33,0,1,-
DA:35,0
BRDA:35,1,0,-
BRDA:35,1,1,-
DA:36,0
FNF:1
FNH:0
LF:6
LH:0
BRF:4
BRH:0
end_of_record
TN:
SF:src/strategies/imx/IMXCore.sol
FN:74,IMXCore.__IMX_init_
FNDA:0,IMXCore.__IMX_init_
DA:80,0
DA:81,0
DA:82,0
DA:88,0
DA:89,0
DA:92,0
DA:93,0
DA:95,0
DA:96,0
DA:98,0
DA:99,0
FN:103,IMXCore.setMaxPriceOffset
FNDA:0,IMXCore.setMaxPriceOffset
DA:104,0
DA:105,0
FN:108,IMXCore.safetyMarginSqrt
FNDA:3,IMXCore.safetyMarginSqrt
DA:109,31
FN:112,IMXCore.decimals
FNDA:0,IMXCore.decimals
DA:113,0
FN:118,IMXCore.setRebalanceThreshold
FNDA:0,IMXCore.setRebalanceThreshold
DA:119,0
DA:120,0
FN:123,IMXCore.setSafetyMarginSqrt
FNDA:0,IMXCore.setSafetyMarginSqrt
DA:124,0
DA:125,0
FN:128,IMXCore.setMaxTvl
FNDA:0,IMXCore.setMaxTvl
DA:129,0
DA:130,0
FN:135,IMXCore.short
FNDA:0,IMXCore.short
DA:136,269
FN:139,IMXCore.underlying
FNDA:0,IMXCore.underlying
DA:140,279
FN:144,IMXCore.deposit
FNDA:10,IMXCore.deposit
DA:145,10
BRDA:145,0,0,-
BRDA:145,0,1,10
DA:146,10
DA:147,10
BRDA:147,1,0,-
BRDA:147,1,1,10
DA:148,10
DA:149,10
DA:150,10
DA:151,10
FN:155,IMXCore.redeem
FNDA:3,IMXCore.redeem
DA:161,3
DA:167,2
DA:169,2
DA:170,2
FN:176,IMXCore._decreasePosition
FNDA:3,IMXCore._decreasePosition
DA:178,3
BRDA:178,2,0,1
BRDA:178,2,1,2
DA:180,2
DA:182,2
DA:183,2
DA:187,2
DA:188,2
DA:189,2
DA:191,2
FN:196,IMXCore._increasePosition
FNDA:10,IMXCore._increasePosition
DA:197,10
BRDA:197,3,0,10
BRDA:197,3,1,10
DA:198,10
DA:199,10
DA:201,10
DA:203,10
DA:204,10
DA:205,10
DA:206,10
DA:208,10
BRDA:208,4,0,7
BRDA:208,4,1,3
DA:209,7
DA:210,7
DA:211,7
DA:212,7
DA:216,3
DA:217,3
DA:218,3
DA:219,3
DA:222,10
FN:226,IMXCore.harvest
FNDA:0,IMXCore.harvest
DA:232,0
DA:233,0
DA:236,0
DA:237,0
FN:260,IMXCore.rebalance
FNDA:5,IMXCore.rebalance
DA:267,5
DA:268,5
DA:271,5
BRDA:271,5,0,1
BRDA:271,5,1,4
DA:273,4
BRDA:273,6,0,-
BRDA:273,6,1,4
DA:274,4
DA:275,4
DA:277,4
DA:278,4
DA:279,4
DA:284,4
BRDA:284,7,0,2
BRDA:284,7,1,2
DA:287,2
DA:288,2
DA:291,2
DA:292,2
DA:293,2
DA:294,2
BRDA:294,8,0,2
BRDA:294,8,1,2
DA:295,2
DA:296,2
DA:299,2
DA:306,4
FN:310,IMXCore.closePosition
FNDA:0,IMXCore.closePosition
DA:311,0
DA:312,0
DA:313,0
DA:315,0
DA:316,0
FN:321,IMXCore.getMaxTvl
FNDA:0,IMXCore.getMaxTvl
DA:322,10
DA:323,10
DA:324,10
FN:335,IMXCore.getAndUpdateTVL
FNDA:11,IMXCore.getAndUpdateTVL
DA:336,36
DA:337,36
DA:338,36
DA:339,36
DA:342,36
DA:343,36
DA:344,36
FN:347,IMXCore.getTotalTVL
FNDA:33,IMXCore.getTotalTVL
DA:348,33
FN:366,IMXCore.getTVL
FNDA:0,IMXCore.getTVL
DA:378,33
DA:379,33
DA:380,33
DA:382,33
DA:383,33
DA:385,33
DA:386,33
DA:387,33
DA:389,33
FN:392,IMXCore.getPositionOffset
FNDA:6,IMXCore.getPositionOffset
DA:393,11
DA:394,11
DA:395,11
DA:396,11
BRDA:396,9,0,-
BRDA:396,9,1,11
DA:398,11
BRDA:398,10,0,-
BRDA:398,10,1,11
DA:401,11
FN:407,IMXCore.getExpectedPrice
FNDA:5,IMXCore.getExpectedPrice
DA:408,5
FN:411,IMXCore.getLiquidity
FNDA:0,IMXCore.getLiquidity
DA:412,0
FN:416,IMXCore.collateralToUnderlying
FNDA:7,IMXCore.collateralToUnderlying
DA:417,7
DA:418,7
DA:419,7
DA:421,7
FN:427,IMXCore.min
FNDA:10,IMXCore.min
DA:428,10
FNF:25
FNH:12
LF:122
LH:92
BRF:22
BRH:17
end_of_record
TN:
SF:src/strategies/imx/IMXFarm.sol
FN:30,IMXFarm.__IMXFarm_init_
FNDA:0,IMXFarm.__IMXFarm_init_
DA:37,0
DA:38,0
DA:39,0
DA:40,0
DA:42,0
BRDA:42,0,0,-
BRDA:42,0,1,-
DA:43,0
DA:44,0
DA:46,0
DA:47,0
DA:48,0
DA:49,0
DA:52,0
FN:55,IMXFarm.impermaxChef
FNDA:0,IMXFarm.impermaxChef
DA:56,0
FN:59,IMXFarm.collateralToken
FNDA:0,IMXFarm.collateralToken
DA:60,22
FN:63,IMXFarm.sBorrowable
FNDA:0,IMXFarm.sBorrowable
DA:64,20
FN:67,IMXFarm.uBorrowable
FNDA:0,IMXFarm.uBorrowable
DA:68,0
FN:71,IMXFarm.farmRouter
FNDA:0,IMXFarm.farmRouter
DA:72,0
FN:75,IMXFarm.pair
FNDA:0,IMXFarm.pair
DA:76,364
FN:79,IMXFarm._addIMXLiquidity
FNDA:12,IMXFarm._addIMXLiquidity
DA:85,12
DA:88,12
DA:98,12
DA:106,12
FN:109,IMXFarm.impermaxBorrow
FNDA:0,IMXFarm.impermaxBorrow
DA:116,24
BRDA:116,1,0,12
BRDA:116,1,1,24
DA:120,24
DA:122,24
BRDA:122,2,0,-
BRDA:122,2,1,24
DA:123,12
DA:127,12
DA:128,12
BRDA:128,3,0,-
BRDA:128,3,1,12
DA:129,12
DA:130,12
FN:134,IMXFarm._addLp
FNDA:12,IMXFarm._addLp
DA:136,12
DA:137,12
DA:140,12
BRDA:140,4,0,5
BRDA:140,4,1,7
DA:142,5
DA:147,7
BRDA:147,5,0,-
BRDA:147,5,1,7
DA:148,0
DA:155,12
BRDA:155,6,0,3
BRDA:155,6,1,9
DA:156,3
DA:157,3
DA:158,9
BRDA:158,7,0,2
BRDA:158,7,1,9
DA:159,2
DA:163,12
DA:164,12
DA:166,12
DA:169,12
DA:170,12
DA:171,12
FN:174,IMXFarm._removeIMXLiquidity
FNDA:4,IMXFarm._removeIMXLiquidity
DA:179,4
DA:181,4
DA:189,4
FN:192,IMXFarm.impermaxRedeem
FNDA:0,IMXFarm.impermaxRedeem
DA:197,4
BRDA:197,8,0,-
BRDA:197,8,1,4
DA:201,4
DA:204,4
DA:205,4
DA:211,4
DA:216,4
BRDA:216,9,0,-
BRDA:216,9,1,4
DA:218,0
DA:223,0
DA:226,4
BRDA:226,10,0,4
BRDA:226,10,1,4
DA:227,4
DA:232,4
DA:235,4
DA:238,4
DA:239,4
DA:242,4
DA:246,4
DA:248,4
DA:254,4
FN:261,IMXFarm.pendingHarvest
FNDA:0,IMXFarm.pendingHarvest
DA:262,0
BRDA:262,11,0,-
BRDA:262,11,1,-
DA:263,0
FN:268,IMXFarm.harvestIsEnabled
FNDA:1,IMXFarm.harvestIsEnabled
DA:269,1
FN:272,IMXFarm._harvestFarm
FNDA:0,IMXFarm._harvestFarm
DA:278,0
BRDA:278,12,0,-
BRDA:278,12,1,-
DA:279,0
DA:280,0
DA:281,0
DA:283,0
DA:284,0
DA:286,0
DA:287,0
DA:288,0
BRDA:288,13,0,-
BRDA:288,13,1,-
DA:290,0
DA:291,0
FN:294,IMXFarm._getLiquidity
FNDA:96,IMXFarm._getLiquidity
DA:295,96
FN:298,IMXFarm._getLiquidity
FNDA:105,IMXFarm._getLiquidity
DA:299,105
BRDA:299,14,0,28
BRDA:299,14,1,77
DA:300,77
FN:306,IMXFarm._getBorrowBalances
FNDA:106,IMXFarm._getBorrowBalances
DA:307,106
FN:313,IMXFarm.accrueInterest
FNDA:0,IMXFarm.accrueInterest
DA:314,42
DA:315,42
FN:318,IMXFarm._updateAndGetBorrowBalances
FNDA:42,IMXFarm._updateAndGetBorrowBalances
DA:319,42
DA:320,42
FN:324,IMXFarm._optimalUBorrow
FNDA:28,IMXFarm._optimalUBorrow
DA:325,28
DA:327,28
DA:328,28
FN:331,IMXFarm.loanHealth
FNDA:2,IMXFarm.loanHealth
DA:332,5
DA:333,5
BRDA:333,15,0,-
BRDA:333,15,1,5
DA:334,5
DA:335,5
DA:336,5
FN:339,IMXFarm._shortToUnderlyingOracle
FNDA:0,IMXFarm._shortToUnderlyingOracle
DA:340,0
DA:341,0
FNF:23
FNH:10
LF:100
LH:67
BRF:32
BRH:18
end_of_record
TN:
SF:src/strategies/mixins/IFarmable.sol
FN:13,IFarmable._swap
FNDA:0,IFarmable._swap
DA:19,0
DA:22,0
BRDA:22,0,0,-
BRDA:22,0,1,-
DA:27,0
FNF:1
FNH:0
LF:3
LH:0
BRF:2
BRH:0
end_of_record
TN:
SF:src/strategies/mixins/IUniLp.sol
FN:21,IUniLp._addLiquidity
FNDA:0,IUniLp._addLiquidity
DA:27,0
DA:28,0
DA:29,0
FN:32,IUniLp._removeLiquidity
FNDA:0,IUniLp._removeLiquidity
DA:38,0
DA:39,0
DA:40,0
DA:41,0
FN:47,IUniLp._quote
FNDA:0,IUniLp._quote
DA:52,0
BRDA:52,0,0,-
BRDA:52,0,1,-
DA:53,0
DA:54,0
FN:58,IUniLp.getUnderlyingShortReserves
FNDA:0,IUniLp.getUnderlyingShortReserves
DA:59,0
FN:62,IUniLp._getLPBalances
FNDA:0,IUniLp._getLPBalances
DA:68,0
DA:69,0
DA:70,0
DA:71,0
DA:72,0
FNF:5
FNH:0
LF:16
LH:0
BRF:2
BRH:0
end_of_record
TN:
SF:src/strategies/mixins/upgradable/IFarmableU.sol
FN:10,IFarmableU._swap
FNDA:0,IFarmableU._swap
DA:16,0
FN:19,IFarmableU._swapTo
FNDA:0,IFarmableU._swapTo
DA:26,0
DA:29,0
BRDA:29,0,0,-
BRDA:29,0,1,-
DA:34,0
FNF:2
FNH:0
LF:4
LH:0
BRF:2
BRH:0
end_of_record
TN:
SF:src/strategies/mixins/upgradable/IUniLpU.sol
FN:20,IUniLpU._quote
FNDA:134,IUniLpU._quote
DA:25,134
BRDA:25,0,0,-
BRDA:25,0,1,134
DA:26,134
DA:27,134
FN:31,IUniLpU._addLiquidity
FNDA:0,IUniLpU._addLiquidity
DA:37,0
DA:38,0
DA:39,0
FN:42,IUniLpU._removeLiquidity
FNDA:4,IUniLpU._removeLiquidity
DA:48,4
DA:49,4
DA:50,4
DA:51,4
FN:58,IUniLpU.getUnderlyingShortReserves
FNDA:0,IUniLpU.getUnderlyingShortReserves
DA:59,94
FN:62,IUniLpU._getLPBalances
FNDA:94,IUniLpU._getLPBalances
DA:68,94
DA:69,94
DA:70,94
DA:71,94
DA:72,94
FN:76,IUniLpU._shortToUnderlying
FNDA:138,IUniLpU._shortToUnderlying
DA:77,138
FN:81,IUniLpU._underlyingToShort
FNDA:17,IUniLpU._underlyingToShort
DA:82,17
FNF:7
FNH:5
LF:18
LH:15
BRF:2
BRH:1
end_of_record
TN:
SF:src/tests/mocks/MockERC20.sol
FN:18,MockERC20.decimals
FNDA:0,MockERC20.decimals
DA:19,0
FN:22,MockERC20.mint
FNDA:63,MockERC20.mint
DA:23,63
FN:26,MockERC20.burn
FNDA:29,MockERC20.burn
DA:27,29
FNF:3
FNH:2
LF:3
LH:2
BRF:0
BRH:0
end_of_record
TN:
SF:src/tests/mocks/MockPair.sol
FN:31,MockPair.getReserves
FNDA:0,MockPair.getReserves
DA:40,0
DA:41,0
DA:42,0
FN:67,MockPair.initialize
FNDA:0,MockPair.initialize
DA:68,0
BRDA:68,0,0,-
BRDA:68,0,1,-
DA:69,0
DA:70,0
FN:74,MockPair._update
FNDA:0,MockPair._update
DA:75,0
BRDA:75,1,0,-
BRDA:75,1,1,-
DA:79,0
DA:80,0
DA:81,0
FN:84,MockPair.mint
FNDA:0,MockPair.mint
DA:85,0
DA:86,0
DA:87,0
DA:88,0
DA:89,0
DA:90,0
DA:91,0
BRDA:91,2,0,-
BRDA:91,2,1,-
DA:92,0
DA:93,0
DA:95,0
DA:100,0
BRDA:100,3,0,-
BRDA:100,3,1,-
DA:101,0
DA:102,0
DA:103,0
DA:104,0
FN:107,MockPair.burn
FNDA:0,MockPair.burn
DA:108,0
DA:109,0
DA:110,0
DA:111,0
DA:112,0
DA:114,0
DA:115,0
DA:116,0
DA:117,0
BRDA:117,4,0,-
BRDA:117,4,1,-
DA:118,0
DA:119,0
DA:120,0
DA:121,0
DA:122,0
DA:124,0
DA:125,0
DA:126,0
FN:130,MockPair.swap
FNDA:0,MockPair.swap
DA:136,0
BRDA:136,5,0,-
BRDA:136,5,1,-
DA:137,0
DA:138,0
BRDA:138,6,0,-
BRDA:138,6,1,-
DA:143,0
DA:144,0
DA:147,0
DA:148,0
DA:149,0
BRDA:149,7,0,-
BRDA:149,7,1,-
DA:150,0
BRDA:150,8,0,-
BRDA:150,8,1,-
DA:151,0
BRDA:151,9,0,-
BRDA:151,9,1,-
DA:152,0
DA:153,0
DA:155,0
DA:158,0
DA:161,0
BRDA:161,10,0,-
BRDA:161,10,1,-
DA:164,0
DA:165,0
DA:166,0
BRDA:166,11,0,-
BRDA:166,11,1,-
DA:172,0
DA:173,0
FN:177,MockPair.skim
FNDA:0,MockPair.skim
DA:178,0
DA:179,0
DA:180,0
DA:181,0
FN:185,MockPair.sync
FNDA:0,MockPair.sync
DA:186,0
FNF:8
FNH:0
LF:67
LH:0
BRF:24
BRH:0
end_of_record
TN:
SF:src/tests/mocks/MockScyVault.sol
FN:26,MockScyVault._stratDeposit
FNDA:22,MockScyVault._stratDeposit
DA:27,22
DA:28,22
BRDA:28,0,0,-
BRDA:28,0,1,22
DA:29,22
DA:30,22
DA:31,22
DA:32,22
DA:33,22
FN:36,MockScyVault._stratRedeem
FNDA:14,MockScyVault._stratRedeem
DA:41,14
DA:42,14
DA:43,14
DA:45,14
DA:47,14
DA:48,14
DA:49,14
DA:50,14
DA:51,14
FN:54,MockScyVault._stratClosePosition
FNDA:0,MockScyVault._stratClosePosition
DA:55,0
DA:56,0
DA:57,0
DA:58,0
DA:59,0
DA:60,0
FN:63,MockScyVault._stratGetAndUpdateTvl
FNDA:12,MockScyVault._stratGetAndUpdateTvl
DA:64,12
FN:67,MockScyVault._strategyTvl
FNDA:60,MockScyVault._strategyTvl
DA:68,60
FN:71,MockScyVault._stratMaxTvl
FNDA:0,MockScyVault._stratMaxTvl
DA:72,0
FN:75,MockScyVault._stratCollateralToUnderlying
FNDA:0,MockScyVault._stratCollateralToUnderlying
DA:76,0
FN:79,MockScyVault._stratValidate
FNDA:0,MockScyVault._stratValidate
FN:81,MockScyVault._getFloatingAmount
FNDA:22,MockScyVault._getFloatingAmount
DA:82,22
BRDA:82,1,0,21
BRDA:82,1,1,1
DA:83,1
FN:86,MockScyVault.getBaseTokens
FNDA:0,MockScyVault.getBaseTokens
DA:87,0
DA:88,0
FN:91,MockScyVault.isValidBaseToken
FNDA:0,MockScyVault.isValidBaseToken
DA:92,35
FNF:11
FNH:5
LF:31
LH:21
BRF:4
BRH:3
end_of_record
TN:
SF:src/tests/mocks/MockUniswapOracle.sol
FN:24,MockUniswapOracle.initialize
FNDA:0,MockUniswapOracle.initialize
DA:25,0
BRDA:25,0,0,-
BRDA:25,0,1,-
DA:26,0
DA:27,0
FN:30,MockUniswapOracle.getResult
FNDA:0,MockUniswapOracle.getResult
DA:31,0
DA:32,0
FN:35,MockUniswapOracle.setPrice
FNDA:0,MockUniswapOracle.setPrice
DA:36,0
FN:41,MockUniswapOracle.getBlockTimestamp
FNDA:0,MockUniswapOracle.getBlockTimestamp
DA:42,0
FNF:4
FNH:0
LF:7
LH:0
BRF:2
BRH:0
end_of_record
TN:
SF:src/tests/mocks/WETH.sol
FN:18,WETH.deposit
FNDA:1,WETH.deposit
DA:19,1
DA:21,1
FN:24,WETH.withdraw
FNDA:1,WETH.withdraw
DA:25,1
DA:27,1
DA:29,1
FNF:2
FNH:2
LF:5
LH:5
BRF:0
BRH:0
end_of_record
TN:
SF:src/tests/strategy/IMXSetup.sol
FN:52,IMXSetup.getConfig
FNDA:0,IMXSetup.getConfig
DA:53,0
DA:54,0
DA:55,0
DA:58,0
DA:59,0
DA:61,0
DA:62,0
DA:63,0
DA:64,0
DA:65,0
DA:66,0
DA:67,0
DA:68,0
DA:69,0
DA:70,0
DA:72,0
DA:74,0
DA:75,0
DA:77,0
DA:78,0
FN:81,IMXSetup.setUp
FNDA:0,IMXSetup.setUp
DA:82,0
DA:85,0
DA:88,0
DA:89,0
DA:90,0
DA:91,0
DA:92,0
DA:94,0
DA:100,0
DA:101,0
DA:103,0
DA:104,0
DA:106,0
DA:107,0
FN:110,IMXSetup.deposit
FNDA:0,IMXSetup.deposit
DA:111,0
FN:114,IMXSetup.deposit
FNDA:0,IMXSetup.deposit
DA:116,0
DA:117,0
DA:118,0
DA:119,0
DA:120,0
DA:121,0
DA:122,0
DA:123,0
DA:124,0
DA:125,0
DA:131,0
FN:134,IMXSetup.withdraw
FNDA:0,IMXSetup.withdraw
DA:135,0
DA:136,0
DA:137,0
FN:145,IMXSetup.adjustPrice
FNDA:0,IMXSetup.adjustPrice
DA:146,0
DA:147,0
DA:152,0
DA:153,0
FN:165,IMXSetup.moveUniPrice
FNDA:0,IMXSetup.moveUniPrice
DA:166,0
DA:167,0
FN:170,IMXSetup.rebalance
FNDA:0,IMXSetup.rebalance
DA:171,0
DA:172,0
DA:173,0
DA:174,0
FN:178,IMXSetup.getSlippageParams
FNDA:0,IMXSetup.getSlippageParams
DA:183,0
DA:184,0
FNF:9
FNH:0
LF:61
LH:0
BRF:0
BRH:0
end_of_record
TN:
SF:src/tests/utils/IMXUtils.sol
FN:28,IMXUtils.mockOraclePrice
FNDA:0,IMXUtils.mockOraclePrice
DA:33,0
FN:40,IMXUtils.trackCost
FNDA:0,IMXUtils.trackCost
DA:41,0
DA:42,0
DA:43,0
DA:44,0
FN:47,IMXUtils.updateFlashCost
FNDA:0,IMXUtils.updateFlashCost
DA:53,0
DA:54,0
DA:55,0
DA:56,0
DA:57,0
BRDA:57,0,0,-
BRDA:57,0,1,-
DA:58,0
DA:59,0
DA:61,0
DA:62,0
DA:65,0
BRDA:65,1,0,-
BRDA:65,1,1,-
DA:66,0
DA:67,0
DA:69,0
DA:70,0
FN:74,IMXUtils.moveUniswapPrice
FNDA:0,IMXUtils.moveUniswapPrice
DA:80,0
DA:81,0
DA:82,0
BRDA:82,2,0,-
BRDA:82,2,1,-
DA:83,0
DA:84,0
DA:85,0
DA:86,0
DA:87,0
DA:88,0
DA:89,0
BRDA:89,3,0,-
BRDA:89,3,1,-
DA:90,0
DA:91,0
DA:92,0
DA:93,0
DA:94,0
FN:98,IMXUtils.movePrice
FNDA:0,IMXUtils.movePrice
DA:106,0
DA:107,0
DA:108,0
DA:109,0
DA:110,0
FN:113,IMXUtils.logTvl
FNDA:0,IMXUtils.logTvl
DA:114,0
DA:121,0
DA:122,0
DA:123,0
DA:124,0
DA:125,0
DA:126,0
FNF:6
FNH:0
LF:46
LH:0
BRF:8
BRH:0
end_of_record
TN:
SF:src/tests/utils/UQ112x112.sol
FN:13,UQ112x112.encode
FNDA:0,UQ112x112.encode
DA:14,0
FN:18,UQ112x112.uqdiv
FNDA:0,UQ112x112.uqdiv
DA:19,0
FNF:2
FNH:0
LF:2
LH:0
BRF:0
BRH:0
end_of_record
TN:
SF:src/tests/vault/SCYVaultSetup.sol
FN:20,SCYVaultSetup.setUpSCYVault
FNDA:0,SCYVaultSetup.setUpSCYVault
DA:21,0
DA:23,0
DA:25,0
DA:26,0
DA:27,0
DA:28,0
DA:29,0
DA:30,0
DA:32,0
DA:37,0
FN:40,SCYVaultSetup.scyDeposit
FNDA:0,SCYVaultSetup.scyDeposit
DA:45,0
DA:46,0
DA:47,0
DA:48,0
BRDA:48,0,0,-
BRDA:48,0,1,-
DA:49,0
DA:51,0
DA:52,0
DA:54,0
FN:57,SCYVaultSetup.scyWithdraw
FNDA:0,SCYVaultSetup.scyWithdraw
DA:62,0
DA:64,0
DA:66,0
DA:67,0
DA:68,0
DA:70,0
FNF:3
FNH:0
LF:24
LH:0
BRF:2
BRH:0
end_of_record
TN:
SF:src/vaults/ERC4626/BatchedWithdraw.sol
FN:30,BatchedWithdraw.requestRedeem
FNDA:5,BatchedWithdraw.requestRedeem
DA:31,5
FN:34,BatchedWithdraw.requestRedeem
FNDA:0,BatchedWithdraw.requestRedeem
DA:35,5
BRDA:35,0,0,-
BRDA:35,0,1,5
DA:36,5
DA:37,5
DA:38,5
DA:39,5
DA:40,5
DA:41,5
DA:42,5
DA:43,5
FN:46,BatchedWithdraw.withdraw
FNDA:0,BatchedWithdraw.withdraw
DA:51,0
FN:54,BatchedWithdraw.redeem
FNDA:0,BatchedWithdraw.redeem
DA:59,0
FN:63,BatchedWithdraw.redeem
FNDA:7,BatchedWithdraw.redeem
DA:64,7
FN:67,BatchedWithdraw.redeem
FNDA:0,BatchedWithdraw.redeem
DA:68,7
DA:69,7
DA:70,4
DA:71,4
FN:75,BatchedWithdraw._xRedeem
FNDA:0,BatchedWithdraw._xRedeem
DA:76,0
DA:77,0
DA:78,0
DA:79,0
FN:82,BatchedWithdraw._redeem
FNDA:7,BatchedWithdraw._redeem
DA:83,7
DA:85,7
BRDA:85,1,0,2
BRDA:85,1,1,5
DA:86,5
BRDA:86,2,0,1
BRDA:86,2,1,4
DA:88,4
DA:90,4
DA:91,4
DA:94,4
DA:97,4
DA:100,4
DA:101,4
DA:102,4
FN:105,BatchedWithdraw.cancelRedeem
FNDA:1,BatchedWithdraw.cancelRedeem
DA:106,1
DA:108,1
DA:110,1
DA:111,1
DA:114,1
DA:115,1
DA:118,1
BRDA:118,3,0,-
BRDA:118,3,1,1
DA:121,1
DA:122,1
DA:124,1
DA:125,1
FN:129,BatchedWithdraw.getPenalty
FNDA:2,BatchedWithdraw.getPenalty
DA:130,2
DA:131,2
DA:133,2
DA:134,2
DA:136,2
BRDA:136,4,0,1
BRDA:136,4,1,1
DA:137,1
FN:141,BatchedWithdraw.redeemIsReady
FNDA:2,BatchedWithdraw.redeemIsReady
DA:142,2
DA:143,2
FN:146,BatchedWithdraw.getWithdrawStatus
FNDA:0,BatchedWithdraw.getWithdrawStatus
DA:147,0
FNF:12
FNH:6
LF:52
LH:45
BRF:10
BRH:8
end_of_record
TN:
SF:src/vaults/ERC4626/ERC4626.sol
FN:40,ERC4626.decimals
FNDA:0,ERC4626.decimals
DA:41,0
FN:44,ERC4626.totalAssets
FNDA:0,ERC4626.totalAssets
DA:45,0
FN:52,ERC4626.deposit
FNDA:12,ERC4626.deposit
DA:56,12
DA:59,12
DA:62,12
BRDA:62,0,0,-
BRDA:62,0,1,12
DA:63,0
BRDA:63,1,0,-
BRDA:63,1,1,-
DA:64,0
DA:65,0
DA:68,12
DA:70,12
DA:72,12
FN:75,ERC4626.mint
FNDA:0,ERC4626.mint
DA:76,0
DA:79,0
DA:81,0
DA:83,0
DA:85,0
FN:88,ERC4626.withdraw
FNDA:0,ERC4626.withdraw
DA:93,0
DA:96,0
BRDA:96,2,0,-
BRDA:96,2,1,-
DA:98,0
DA:100,0
DA:102,0
DA:104,0
FN:107,ERC4626.redeem
FNDA:0,ERC4626.redeem
DA:113,0
BRDA:113,3,0,-
BRDA:113,3,1,-
DA:118,0
DA:120,0
DA:122,0
DA:124,0
DA:126,0
FN:133,ERC4626.maxDeposit
FNDA:0,ERC4626.maxDeposit
DA:134,0
FN:137,ERC4626.maxMint
FNDA:0,ERC4626.maxMint
DA:138,0
FN:141,ERC4626.maxWithdraw
FNDA:0,ERC4626.maxWithdraw
DA:142,0
FN:145,ERC4626.maxRedeem
FNDA:0,ERC4626.maxRedeem
DA:146,0
FN:153,ERC4626.beforeWithdraw
FNDA:0,ERC4626.beforeWithdraw
FN:155,ERC4626.afterDeposit
FNDA:0,ERC4626.afterDeposit
FN:158,ERC4626.totalSupply
FNDA:0,ERC4626.totalSupply
DA:159,48
FNF:13
FNH:1
LF:33
LH:7
BRF:8
BRH:1
end_of_record
TN:
SF:src/vaults/IMXLend.sol
FN:23,IMXLend._stratValidate
FNDA:0,IMXLend._stratValidate
DA:25,0
BRDA:24,0,0,-
BRDA:24,0,1,-
DA:27,0
FN:30,IMXLend._stratDeposit
FNDA:4,IMXLend._stratDeposit
DA:31,4
FN:34,IMXLend._stratRedeem
FNDA:1,IMXLend._stratRedeem
DA:39,1
DA:40,1
DA:41,1
FN:44,IMXLend._stratGetAndUpdateTvl
FNDA:0,IMXLend._stratGetAndUpdateTvl
DA:46,0
DA:47,0
DA:48,0
DA:49,0
FN:52,IMXLend._strategyTvl
FNDA:17,IMXLend._strategyTvl
DA:53,17
DA:54,17
DA:55,17
DA:56,17
FN:59,IMXLend._stratClosePosition
FNDA:1,IMXLend._stratClosePosition
DA:60,1
DA:61,1
DA:62,1
FN:66,IMXLend._stratMaxTvl
FNDA:0,IMXLend._stratMaxTvl
DA:67,0
FN:70,IMXLend._stratCollateralToUnderlying
FNDA:3,IMXLend._stratCollateralToUnderlying
DA:71,3
FN:74,IMXLend._getFloatingAmount
FNDA:3,IMXLend._getFloatingAmount
DA:75,3
BRDA:75,1,0,3
BRDA:75,1,1,-
DA:76,3
DA:77,0
FNF:9
FNH:6
LF:22
LH:14
BRF:4
BRH:1
end_of_record
TN:
SF:src/vaults/IMXVault.sol
FN:17,IMXVault._stratValidate
FNDA:0,IMXVault._stratValidate
DA:19,0
BRDA:18,0,0,-
BRDA:18,0,1,-
DA:21,0
FN:24,IMXVault._stratDeposit
FNDA:10,IMXVault._stratDeposit
DA:25,10
FN:28,IMXVault._stratRedeem
FNDA:3,IMXVault._stratRedeem
DA:35,3
DA:36,2
FN:39,IMXVault._stratGetAndUpdateTvl
FNDA:0,IMXVault._stratGetAndUpdateTvl
DA:40,0
FN:43,IMXVault._strategyTvl
FNDA:20,IMXVault._strategyTvl
DA:44,20
FN:47,IMXVault._stratClosePosition
FNDA:0,IMXVault._stratClosePosition
DA:48,0
FN:51,IMXVault._stratMaxTvl
FNDA:0,IMXVault._stratMaxTvl
DA:52,0
FN:55,IMXVault._stratCollateralToUnderlying
FNDA:7,IMXVault._stratCollateralToUnderlying
DA:56,7
FN:59,IMXVault._selfBalance
FNDA:13,IMXVault._selfBalance
DA:60,13
BRDA:60,1,0,13
BRDA:60,1,1,-
DA:61,0
FNF:9
FNH:5
LF:12
LH:6
BRF:4
BRH:1
end_of_record
TN:
SF:src/vaults/SectorBase.sol
FN:31,SectorBase._harvest
FNDA:9,SectorBase._harvest
DA:33,9
BRDA:33,0,0,2
BRDA:33,0,1,7
DA:35,7
DA:39,7
DA:40,7
DA:43,7
DA:46,7
DA:47,7
DA:51,7
DA:52,7
DA:54,7
BRDA:54,1,0,4
BRDA:54,1,1,7
DA:56,4
DA:57,4
DA:60,7
DA:63,7
FN:66,SectorBase.enterEmergency
FNDA:0,SectorBase.enterEmergency
FN:71,SectorBase.emergencyAction
FNDA:1,SectorBase.emergencyAction
DA:72,1
DA:73,1
FN:76,SectorBase._checkSlippage
FNDA:9,SectorBase._checkSlippage
DA:81,9
DA:84,9
BRDA:84,2,0,-
BRDA:84,2,1,9
FN:87,SectorBase.totalAssets
FNDA:0,SectorBase.totalAssets
DA:88,0
FN:94,SectorBase.underlyingBalance
FNDA:7,SectorBase.underlyingBalance
DA:95,7
DA:96,7
FN:99,SectorBase.underlyingDecimals
FNDA:0,SectorBase.underlyingDecimals
DA:100,0
FN:103,SectorBase.underlying
FNDA:12,SectorBase.underlying
DA:104,12
FN:109,SectorBase.afterDeposit
FNDA:19,SectorBase.afterDeposit
DA:110,19
FN:113,SectorBase.beforeWithdraw
FNDA:18,SectorBase.beforeWithdraw
DA:116,18
BRDA:116,3,0,18
BRDA:116,3,1,18
DA:117,17
FNF:10
FNH:7
LF:26
LH:24
BRF:8
BRH:7
end_of_record
TN:
SF:src/vaults/SectorCrossVault.sol
FN:54,SectorCrossVault.depositIntoVaults
FNDA:0,SectorCrossVault.depositIntoVaults
DA:55,0
DA:56,0
DA:57,0
DA:58,0
DA:60,0
BRDA:60,0,0,-
BRDA:60,0,1,-
DA:62,0
BRDA:62,1,0,-
BRDA:62,1,1,-
DA:63,0
DA:65,0
DA:72,0
DA:76,0
DA:80,0
FN:84,SectorCrossVault.withdrawFromVaults
FNDA:0,SectorCrossVault.withdrawFromVaults
DA:85,0
DA:86,0
DA:87,0
DA:88,0
DA:90,0
BRDA:90,2,0,-
BRDA:90,2,1,-
DA:92,0
BRDA:92,3,0,-
BRDA:92,3,1,-
DA:93,0
DA:95,0
DA:104,0
FN:111,SectorCrossVault._finalizedWithdraw
FNDA:0,SectorCrossVault._finalizedWithdraw
DA:112,0
DA:113,0
DA:114,0
FN:117,SectorCrossVault.harvestVaults
FNDA:0,SectorCrossVault.harvestVaults
DA:118,0
DA:120,0
BRDA:120,4,0,-
BRDA:120,4,1,-
DA:122,0
DA:123,0
DA:125,0
DA:126,0
DA:127,0
DA:129,0
BRDA:129,5,0,-
BRDA:129,5,1,-
DA:130,0
DA:132,0
DA:138,0
DA:142,0
DA:146,0
DA:147,0
FN:150,SectorCrossVault.finalizeHarvest
FNDA:0,SectorCrossVault.finalizeHarvest
DA:151,0
DA:152,0
DA:154,0
BRDA:154,6,0,-
BRDA:154,6,1,-
DA:157,0
DA:162,0
BRDA:162,7,0,-
BRDA:162,7,1,-
DA:164,0
DA:168,0
DA:169,0
DA:172,0
DA:173,0
FN:176,SectorCrossVault.emergencyWithdraw
FNDA:0,SectorCrossVault.emergencyWithdraw
DA:178,0
BRDA:178,8,0,-
BRDA:178,8,1,-
DA:180,0
DA:182,0
DA:183,0
DA:185,0
DA:186,0
DA:187,0
DA:188,0
DA:190,0
BRDA:190,9,0,-
BRDA:190,9,1,-
DA:191,0
DA:192,0
DA:193,0
DA:195,0
DA:204,0
FNF:6
FNH:0
LF:61
LH:0
BRF:20
BRH:0
end_of_record
TN:
SF:src/vaults/SectorVault.sol
FN:55,SectorVault.addStrategy
FNDA:1,SectorVault.addStrategy
DA:56,1
BRDA:56,0,0,-
BRDA:56,0,1,1
DA:59,1
BRDA:59,1,0,-
BRDA:59,1,1,1
DA:61,1
DA:62,1
DA:63,1
FN:66,SectorVault.removeStrategy
FNDA:2,SectorVault.removeStrategy
DA:67,2
BRDA:67,2,0,1
BRDA:67,2,1,1
DA:68,1
DA:69,1
DA:71,1
DA:72,2
BRDA:72,3,0,-
BRDA:72,3,1,2
DA:73,1
DA:74,1
DA:75,1
FN:78,SectorVault.totalStrategies
FNDA:2,SectorVault.totalStrategies
DA:79,2
FN:82,SectorVault.getAllStrategies
FNDA:0,SectorVault.getAllStrategies
DA:83,0
FN:87,SectorVault.harvest
FNDA:9,SectorVault.harvest
DA:88,9
DA:89,9
DA:90,9
DA:92,9
FN:96,SectorVault.depositIntoStrategies
FNDA:9,SectorVault.depositIntoStrategies
DA:97,9
DA:98,9
DA:99,13
DA:100,13
DA:101,13
BRDA:101,4,0,-
BRDA:101,4,1,13
DA:102,13
DA:103,13
BRDA:103,5,0,-
BRDA:103,5,1,13
DA:105,13
DA:107,12
DA:108,12
DA:109,12
DA:110,12
FN:115,SectorVault.withdrawFromStrategies
FNDA:5,SectorVault.withdrawFromStrategies
DA:116,5
DA:117,5
DA:118,7
DA:119,7
DA:120,7
BRDA:120,6,0,-
BRDA:120,6,1,7
DA:121,7
DA:122,7
BRDA:122,7,0,-
BRDA:122,7,1,7
DA:125,7
DA:131,7
DA:133,7
DA:134,7
FN:138,SectorVault.emergencyRedeem
FNDA:1,SectorVault.emergencyRedeem
DA:139,1
DA:140,1
DA:141,1
BRDA:141,8,0,-
BRDA:141,8,1,1
DA:142,1
DA:145,1
DA:146,1
DA:147,1
DA:149,1
DA:152,1
DA:153,3
DA:154,3
DA:155,3
DA:156,3
BRDA:156,9,0,-
BRDA:156,9,1,3
DA:157,3
FN:162,SectorVault._getStrategyHoldings
FNDA:9,SectorVault._getStrategyHoldings
DA:163,9
DA:165,9
DA:166,27
DA:167,27
FN:172,SectorVault.getTvl
FNDA:13,SectorVault.getTvl
DA:173,13
DA:175,13
DA:176,39
DA:177,39
DA:179,13
FN:182,SectorVault.totalAssets
FNDA:0,SectorVault.totalAssets
DA:183,31
FN:189,SectorVault.currentUnderlyingBalance
FNDA:0,SectorVault.currentUnderlyingBalance
DA:190,0
DA:191,0
FN:196,SectorVault.sharesToUnderlying
FNDA:0,SectorVault.sharesToUnderlying
DA:197,0
DA:198,0
FN:203,SectorVault.underlyingToShares
FNDA:0,SectorVault.underlyingToShares
DA:204,0
DA:205,0
FN:213,SectorVault.finalizeDeposit
FNDA:0,SectorVault.finalizeDeposit
DA:214,0
DA:217,0
DA:218,0
DA:219,0
DA:222,0
DA:226,0
BRDA:226,10,0,-
BRDA:226,10,1,-
DA:227,0
BRDA:227,11,0,-
BRDA:227,11,1,-
DA:228,0
DA:229,0
DA:232,0
DA:235,0
DA:236,0
DA:242,0
BRDA:242,12,0,-
BRDA:242,12,1,-
DA:243,0
DA:246,0
DA:248,0
FN:252,SectorVault.readWithdraw
FNDA:0,SectorVault.readWithdraw
DA:253,0
DA:255,0
DA:256,0
DA:258,0
BRDA:258,13,0,-
BRDA:258,13,1,-
DA:259,0
DA:263,0
DA:264,0
DA:265,0
DA:271,0
DA:272,0
FN:277,SectorVault.finalizeWithdraw
FNDA:0,SectorVault.finalizeWithdraw
DA:278,0
DA:280,0
DA:281,0
DA:282,0
DA:285,0
DA:287,0
DA:291,0
DA:294,0
DA:295,0
DA:299,0
FN:305,SectorVault.finalizeHarvest
FNDA:0,SectorVault.finalizeHarvest
DA:309,0
DA:311,0
DA:312,0
DA:315,0
DA:316,0
DA:324,0
FN:331,SectorVault.finalizeEmergencyWithdraw
FNDA:0,SectorVault.finalizeEmergencyWithdraw
DA:332,0
DA:334,0
DA:335,0
DA:336,0
DA:338,0
DA:339,0
DA:342,0
FNF:19
FNH:9
LF:121
LH:65
BRF:28
BRH:11
end_of_record
TN:
SF:src/vaults/scy/SCYBase.sol
FN:44,SCYBase.deposit
FNDA:35,SCYBase.deposit
DA:50,35
BRDA:50,0,0,-
BRDA:50,0,1,35
DA:52,35
BRDA:52,1,0,1
BRDA:52,1,1,35
DA:53,35
BRDA:53,2,0,14
BRDA:53,2,1,35
DA:57,35
DA:58,35
BRDA:58,3,0,-
BRDA:58,3,1,35
DA:60,35
DA:61,34
BRDA:61,4,0,-
BRDA:61,4,1,34
DA:64,34
BRDA:64,5,0,10
BRDA:64,5,1,34
DA:65,10
BRDA:65,6,0,-
BRDA:65,6,1,10
DA:66,10
DA:67,10
DA:70,34
DA:71,34
FN:77,SCYBase.redeem
FNDA:17,SCYBase.redeem
DA:83,17
BRDA:83,7,0,-
BRDA:83,7,1,17
DA:89,17
DA:90,17
DA:91,16
BRDA:91,8,0,-
BRDA:91,8,1,16
DA:93,16
DA:94,16
BRDA:94,9,0,2
BRDA:94,9,1,16
DA:96,16
FN:168,SCYBase.totalSupply
FNDA:1,SCYBase.totalSupply
DA:169,254
FNF:3
FNH:3
LF:21
LH:21
BRF:20
BRH:14
end_of_record
TN:
SF:src/vaults/scy/SCYVault.sol
FN:67,SCYVault.getMaxTvl
FNDA:0,SCYVault.getMaxTvl
DA:68,0
FN:71,SCYVault.setMaxTvl
FNDA:0,SCYVault.setMaxTvl
DA:72,0
DA:73,0
FN:76,SCYVault.initStrategy
FNDA:0,SCYVault.initStrategy
DA:77,0
BRDA:77,0,0,-
BRDA:77,0,1,-
DA:78,0
DA:79,0
DA:80,0
FN:83,SCYVault.updateStrategy
FNDA:0,SCYVault.updateStrategy
DA:84,0
DA:85,0
BRDA:85,1,0,-
BRDA:85,1,1,-
DA:86,0
DA:87,0
DA:88,0
FN:91,SCYVault._depositNative
FNDA:1,SCYVault._depositNative
DA:92,1
DA:93,1
DA:94,1
BRDA:94,2,0,1
BRDA:94,2,1,1
FN:97,SCYVault._deposit
FNDA:35,SCYVault._deposit
DA:103,35
BRDA:103,3,0,1
BRDA:103,3,1,34
DA:104,34
BRDA:104,4,0,1
BRDA:104,4,1,34
DA:105,34
BRDA:105,5,0,-
BRDA:105,5,1,34
DA:106,34
DA:107,34
DA:108,34
FN:111,SCYVault._redeem
FNDA:17,SCYVault._redeem
DA:116,17
DA:121,17
DA:122,17
DA:126,17
DA:127,17
DA:130,17
BRDA:130,6,0,1
BRDA:130,6,1,17
DA:132,17
DA:136,17
BRDA:136,7,0,1
BRDA:136,7,1,16
DA:137,1
DA:138,1
DA:139,1
DA:140,16
DA:141,16
DA:144,16
BRDA:144,8,0,1
BRDA:144,8,1,16
FN:148,SCYVault.harvest
FNDA:4,SCYVault.harvest
DA:149,4
DA:150,4
DA:151,4
DA:152,4
DA:153,4
DA:156,4
DA:157,4
DA:161,4
DA:162,4
DA:163,4
BRDA:163,9,0,4
BRDA:163,9,1,4
DA:166,4
DA:167,4
DA:170,4
DA:172,4
DA:175,4
DA:178,4
DA:181,4
DA:182,4
FN:187,SCYVault.lockedProfit
FNDA:0,SCYVault.lockedProfit
DA:189,79
DA:190,79
DA:195,79
BRDA:195,10,0,73
BRDA:195,10,1,6
DA:198,6
DA:202,6
FN:209,SCYVault._checkSlippage
FNDA:4,SCYVault._checkSlippage
DA:214,4
DA:217,4
BRDA:217,11,0,-
BRDA:217,11,1,4
FN:221,SCYVault.depositIntoStrategy
FNDA:2,SCYVault.depositIntoStrategy
DA:225,2
BRDA:225,12,0,-
BRDA:225,12,1,2
DA:226,2
DA:227,2
DA:228,2
DA:229,2
DA:230,2
BRDA:230,13,0,-
BRDA:230,13,1,2
DA:231,2
FN:235,SCYVault.withdrawFromStrategy
FNDA:1,SCYVault.withdrawFromStrategy
DA:236,1
DA:237,1
DA:238,1
BRDA:238,14,0,-
BRDA:238,14,1,1
DA:239,1
DA:240,1
FN:243,SCYVault.closePosition
FNDA:1,SCYVault.closePosition
DA:244,1
DA:245,1
BRDA:245,15,0,-
BRDA:245,15,1,1
DA:246,1
DA:247,1
FN:253,SCYVault.emergencyAction
FNDA:0,SCYVault.emergencyAction
DA:254,0
DA:255,0
FN:258,SCYVault.getStrategyTvl
FNDA:8,SCYVault.getStrategyTvl
DA:259,8
FN:264,SCYVault.getAndUpdateTvl
FNDA:0,SCYVault.getAndUpdateTvl
DA:265,0
DA:266,0
DA:267,0
FN:270,SCYVault.getTvl
FNDA:5,SCYVault.getTvl
DA:271,25
DA:272,25
DA:273,25
FN:276,SCYVault.totalAssets
FNDA:0,SCYVault.totalAssets
DA:277,54
FN:280,SCYVault.isPaused
FNDA:0,SCYVault.isPaused
DA:281,0
FN:285,SCYVault.exchangeRateUnderlying
FNDA:0,SCYVault.exchangeRateUnderlying
DA:286,0
DA:287,0
BRDA:287,16,0,-
BRDA:287,16,1,-
DA:288,0
DA:289,0
FN:292,SCYVault.getUpdatedUnderlyingBalance
FNDA:27,SCYVault.getUpdatedUnderlyingBalance
DA:293,27
DA:294,27
DA:295,27
BRDA:295,17,0,27
BRDA:295,17,1,27
DA:296,8
DA:297,8
FN:300,SCYVault.underlyingBalance
FNDA:84,SCYVault.underlyingBalance
DA:301,84
DA:302,84
DA:303,84
BRDA:303,18,0,77
BRDA:303,18,1,84
DA:304,52
DA:305,52
DA:306,52
FN:309,SCYVault.underlyingToShares
FNDA:24,SCYVault.underlyingToShares
DA:310,24
DA:311,24
BRDA:311,19,0,10
BRDA:311,19,1,14
DA:312,14
FN:315,SCYVault.sharesToUnderlying
FNDA:6,SCYVault.sharesToUnderlying
DA:316,6
DA:317,6
DA:318,6
BRDA:318,20,0,-
BRDA:318,20,1,6
DA:319,6
FN:326,SCYVault.assetInfo
FNDA:0,SCYVault.assetInfo
DA:335,0
DA:336,0
FN:339,SCYVault.underlyingDecimals
FNDA:0,SCYVault.underlyingDecimals
DA:340,0
FN:344,SCYVault._getFloatingAmount
FNDA:10,SCYVault._getFloatingAmount
DA:351,10
BRDA:351,21,0,10
BRDA:351,21,1,-
DA:352,0
BRDA:352,22,0,-
BRDA:352,22,1,-
FN:355,SCYVault.decimals
FNDA:0,SCYVault.decimals
DA:356,0
FN:362,SCYVault.exchangeRateCurrent
FNDA:0,SCYVault.exchangeRateCurrent
DA:363,0
DA:364,0
BRDA:364,23,0,-
BRDA:364,23,1,-
DA:365,0
FN:372,SCYVault.exchangeRateStored
FNDA:0,SCYVault.exchangeRateStored
DA:373,0
FN:376,SCYVault.getBaseTokens
FNDA:0,SCYVault.getBaseTokens
DA:377,0
FN:380,SCYVault.isValidBaseToken
FNDA:0,SCYVault.isValidBaseToken
DA:381,17
FN:385,SCYVault._transferIn
FNDA:14,SCYVault._transferIn
DA:390,14
DA:391,14
FN:399,SCYVault._transferOut
FNDA:2,SCYVault._transferOut
DA:404,2
BRDA:404,24,0,1
BRDA:404,24,1,1
DA:405,1
DA:407,1
FN:412,SCYVault._selfBalance
FNDA:42,SCYVault._selfBalance
DA:413,42
FN:419,SCYVault.min
FNDA:0,SCYVault.min
DA:420,0
FNF:36
FNH:18
LF:128
LH:95
BRF:50
BRH:32
end_of_record
